#
# A fatal error has been detected by the Java Runtime Environment:
#
#  EXCEPTION_ACCESS_VIOLATION (0xc0000005) at pc=0x00007ffbe6905790, pid=17140, tid=1668
#
# JRE version: OpenJDK Runtime Environment (16.0+36) (build 16+36-2231)
# Java VM: OpenJDK 64-Bit Server VM (16+36-2231, mixed mode, sharing, tiered, compressed oops, g1 gc, windows-amd64)
# Problematic frame:
# C  [nvoglv64.dll+0x1425790]
#
# No core dump will be written. Minidumps are not enabled by default on client versions of Windows
#
# If you would like to submit a bug report, please visit:
#   https://bugreport.java.com/bugreport/crash.jsp
# The crash happened outside the Java Virtual Machine in native code.
# See problematic frame for where to report the bug.
#

---------------  S U M M A R Y ------------

Command Line: -Dfile.encoding=windows-1252 -Duser.country=RU -Duser.language=ru -Duser.variant com.peachyseed.test.Launcher

Host: Intel(R) Xeon(R) CPU           X3440  @ 2.53GHz, 8 cores, 11G,  Windows 10 , 64 bit Build 19041 (10.0.19041.2251)
Time: Sat Dec 10 14:25:08 2022  Windows 10 , 64 bit Build 19041 (10.0.19041.2251) elapsed time: 1.527453 seconds (0d 0h 0m 1s)

---------------  T H R E A D  ---------------

Current thread (0x00000212b1beb420):  JavaThread "main" [_thread_in_native, id=1668, stack(0x00000063c5400000,0x00000063c5500000)]

Stack: [0x00000063c5400000,0x00000063c5500000],  sp=0x00000063c54fef48,  free space=1019k
Native frames: (J=compiled Java code, j=interpreted, Vv=VM code, C=native code)
C  [nvoglv64.dll+0x1425790]

Java frames: (J=compiled Java code, j=interpreted, Vv=VM code)
j  org.lwjgl.opengl.GL11C.nglDrawElements(IIIJ)V+0
j  org.lwjgl.opengl.GL11C.glDrawElements(IIIJ)V+4
j  org.lwjgl.opengl.GL11.glDrawElements(IIIJ)V+4
j  com.peachyseed.core.rendering.RenderManager.Render(Lcom/peachyseed/core/entity/Entity;Lcom/peachyseed/core/Camera;)V+146
j  com.peachyseed.test.TestGame.Render()V+12
j  com.peachyseed.core.EngineManager.Render()V+4
j  com.peachyseed.core.EngineManager.Run()V+147
j  com.peachyseed.core.EngineManager.Start()V+13
j  com.peachyseed.test.Launcher.main([Ljava/lang/String;)V+34
v  ~StubRoutines::call_stub

siginfo: EXCEPTION_ACCESS_VIOLATION (0xc0000005), reading address 0x0000000000000000


Register to memory mapping:

RIP=0x00007ffbe6905790 nvoglv64.dll
RAX=0x0 is NULL
RBX=0x00000212d3bb9b60 points into unknown readable memory: 0x0000000000008000 | 00 80 00 00 00 00 00 00
RCX=0x00000212de09b2b4 points into unknown readable memory: 00 00 00 00
RDX=0x0000000000000008 is an unknown value
RSP=0x00000063c54fef48 is pointing into the stack for thread: 0x00000212b1beb420
RBP=0x0000000000000001 is an unknown value
RSI=0x00000212d63c49c4 points into unknown readable memory: 00 00 00 00
RDI=0x0 is NULL
R8 =0x0000000000000010 is an unknown value
R9 =0x0000000000000080 is an unknown value
R10=0x0000000000000010 is an unknown value
R11=0x00000212d3bc9d5c points into unknown readable memory: 00 00 00 00
R12=0x00000212de09b2b4 points into unknown readable memory: 00 00 00 00
R13=0x0000000000000001 is an unknown value
R14=0x00000212d42fe898 points into unknown readable memory: 0x0000000000000000 | 00 00 00 00 00 00 00 00
R15=0x000000000797beb4 is an unknown value


Registers:
RAX=0x0000000000000000, RBX=0x00000212d3bb9b60, RCX=0x00000212de09b2b4, RDX=0x0000000000000008
RSP=0x00000063c54fef48, RBP=0x0000000000000001, RSI=0x00000212d63c49c4, RDI=0x0000000000000000
R8 =0x0000000000000010, R9 =0x0000000000000080, R10=0x0000000000000010, R11=0x00000212d3bc9d5c
R12=0x00000212de09b2b4, R13=0x0000000000000001, R14=0x00000212d42fe898, R15=0x000000000797beb4
RIP=0x00007ffbe6905790, EFLAGS=0x0000000000010202

Top of Stack: (sp=0x00000063c54fef48)
0x00000063c54fef48:   00007ffbe69b2197 00000212d42fe898
0x00000063c54fef58:   0000000000000000 00000212d3bc1b58
0x00000063c54fef68:   0000000000000c00 0000000000000000
0x00000063c54fef78:   00007ffbe68359f2 0000021200000000
0x00000063c54fef88:   00007ffbe6830336 0000000000000003
0x00000063c54fef98:   00000212d3bb9b60 00000212de09b2b4
0x00000063c54fefa8:   000000000797beb4 00000212d3bc1b58
0x00000063c54fefb8:   10c0000000000000 0000000000000000
0x00000063c54fefc8:   0000000000000000 0000000000000080
0x00000063c54fefd8:   00000212d3bb9b60 00000212d42fe898
0x00000063c54fefe8:   00000212d8330000 0000000000001405
0x00000063c54feff8:   0000000000000010 0000000000000126
0x00000063c54ff008:   00007ffbe69a37af 00000212d8330000
0x00000063c54ff018:   0000000000000000 0000000000000080
0x00000063c54ff028:   0000021200000000 d3ffc5df00001400
0x00000063c54ff038:   0000000000000000 00000063c54ff050 

Instructions: (pc=0x00007ffbe6905790)
0x00007ffbe6905690:   48 8b 8f 78 c1 04 00 45 33 c0 8b d6 e8 4f fb ff
0x00007ffbe69056a0:   ff 85 f6 75 08 48 8b cf e8 c3 8b 06 00 45 8b ce
0x00007ffbe69056b0:   4c 8b c5 8b d6 48 8b cf e8 53 f5 ff ff 85 f6 75
0x00007ffbe69056c0:   14 81 8f b8 c1 04 00 ff ff ff 3f 81 8f b0 c1 04
0x00007ffbe69056d0:   00 00 00 20 00 48 8b 5c 24 30 48 8b 6c 24 38 48
0x00007ffbe69056e0:   8b 74 24 40 48 8b 7c 24 48 48 83 c4 20 41 5e c3
0x00007ffbe69056f0:   4d 63 d0 0f 1f 40 00 66 0f 1f 84 00 00 00 00 00
0x00007ffbe6905700:   8b 02 49 03 d2 89 01 48 83 c1 04 41 83 e9 01 75
0x00007ffbe6905710:   ef 48 8b c1 c3 cc cc cc cc cc cc cc cc cc cc cc
0x00007ffbe6905720:   4d 63 d0 8b 02 89 01 8b 42 04 49 03 d2 89 41 04
0x00007ffbe6905730:   48 83 c1 08 41 83 e9 01 75 e9 48 8b c1 c3 cc cc
0x00007ffbe6905740:   4d 63 d0 48 83 c2 08 66 0f 1f 84 00 00 00 00 00
0x00007ffbe6905750:   8b 42 f8 89 01 8b 42 fc 89 41 04 8b 02 49 03 d2
0x00007ffbe6905760:   89 41 08 48 83 c1 0c 41 83 e9 01 75 e3 48 8b c1
0x00007ffbe6905770:   c3 cc cc cc cc cc cc cc cc cc cc cc cc cc cc cc
0x00007ffbe6905780:   4d 63 d0 48 83 c2 08 66 0f 1f 84 00 00 00 00 00
0x00007ffbe6905790:   8b 42 f8 89 01 8b 42 fc 89 41 04 8b 02 89 41 08
0x00007ffbe69057a0:   8b 42 04 49 03 d2 89 41 0c 48 83 c1 10 41 83 e9
0x00007ffbe69057b0:   01 75 dd 48 8b c1 c3 cc cc cc cc cc cc cc cc cc
0x00007ffbe69057c0:   49 63 c0 0f 1f 40 00 66 0f 1f 84 00 00 00 00 00
0x00007ffbe69057d0:   f2 0f 10 02 48 03 d0 66 0f 5a c0 f3 0f 11 01 48
0x00007ffbe69057e0:   83 c1 04 41 83 e9 01 75 e7 48 8b c1 c3 cc cc cc
0x00007ffbe69057f0:   49 63 c0 f2 0f 10 02 66 0f 5a c0 f3 0f 11 01 f2
0x00007ffbe6905800:   0f 10 4a 08 48 03 d0 66 0f 5a c9 f3 0f 11 49 04
0x00007ffbe6905810:   48 83 c1 08 41 83 e9 01 75 d9 48 8b c1 c3 cc cc
0x00007ffbe6905820:   49 63 c0 48 83 c2 10 66 0f 1f 84 00 00 00 00 00
0x00007ffbe6905830:   f2 0f 10 42 f0 66 0f 5a c0 f3 0f 11 01 f2 0f 10
0x00007ffbe6905840:   4a f8 66 0f 5a c9 f3 0f 11 49 04 f2 0f 10 02 48
0x00007ffbe6905850:   03 d0 66 0f 5a c0 f3 0f 11 41 08 48 83 c1 0c 41
0x00007ffbe6905860:   83 e9 01 75 cb 48 8b c1 c3 cc cc cc cc cc cc cc
0x00007ffbe6905870:   49 63 c0 48 83 c2 10 66 0f 1f 84 00 00 00 00 00
0x00007ffbe6905880:   f2 0f 10 42 f0 66 0f 5a c0 f3 0f 11 01 f2 0f 10 


Stack slot to memory mapping:
stack at sp + 0 slots: 0x00007ffbe69b2197 nvoglv64.dll
stack at sp + 1 slots: 0x00000212d42fe898 points into unknown readable memory: 0x0000000000000000 | 00 00 00 00 00 00 00 00
stack at sp + 2 slots: 0x0 is NULL
stack at sp + 3 slots: 0x00000212d3bc1b58 points into unknown readable memory: 0x00000212d3dde820 | 20 e8 dd d3 12 02 00 00
stack at sp + 4 slots: 0x0000000000000c00 is an unknown value
stack at sp + 5 slots: 0x0 is NULL
stack at sp + 6 slots: 0x00007ffbe68359f2 nvoglv64.dll
stack at sp + 7 slots: 0x0000021200000000 is an unknown value


---------------  P R O C E S S  ---------------

Threads class SMR info:
_java_thread_list=0x00000212d3ee2de0, length=14, elements={
0x00000212b1beb420, 0x00000212d2253a10, 0x00000212d22567f0, 0x00000212d226b8a0,
0x00000212d226e2c0, 0x00000212d226ebd0, 0x00000212d2272230, 0x00000212d2272e70,
0x00000212d22a0110, 0x00000212d22ace60, 0x00000212d2d0b810, 0x00000212d2d16d60,
0x00000212d3ecf070, 0x00000212d3f30090
}

Java Threads: ( => current thread )
=>0x00000212b1beb420 JavaThread "main" [_thread_in_native, id=1668, stack(0x00000063c5400000,0x00000063c5500000)]
  0x00000212d2253a10 JavaThread "Reference Handler" daemon [_thread_blocked, id=7104, stack(0x00000063c5b00000,0x00000063c5c00000)]
  0x00000212d22567f0 JavaThread "Finalizer" daemon [_thread_blocked, id=260, stack(0x00000063c5c00000,0x00000063c5d00000)]
  0x00000212d226b8a0 JavaThread "Signal Dispatcher" daemon [_thread_blocked, id=7996, stack(0x00000063c5d00000,0x00000063c5e00000)]
  0x00000212d226e2c0 JavaThread "Attach Listener" daemon [_thread_blocked, id=18548, stack(0x00000063c5e00000,0x00000063c5f00000)]
  0x00000212d226ebd0 JavaThread "Service Thread" daemon [_thread_blocked, id=16700, stack(0x00000063c5f00000,0x00000063c6000000)]
  0x00000212d2272230 JavaThread "Monitor Deflation Thread" daemon [_thread_blocked, id=18276, stack(0x00000063c6000000,0x00000063c6100000)]
  0x00000212d2272e70 JavaThread "C2 CompilerThread0" daemon [_thread_blocked, id=19112, stack(0x00000063c6100000,0x00000063c6200000)]
  0x00000212d22a0110 JavaThread "C1 CompilerThread0" daemon [_thread_blocked, id=1108, stack(0x00000063c6200000,0x00000063c6300000)]
  0x00000212d22ace60 JavaThread "Sweeper thread" daemon [_thread_blocked, id=9772, stack(0x00000063c6300000,0x00000063c6400000)]
  0x00000212d2d0b810 JavaThread "Notification Thread" daemon [_thread_blocked, id=19924, stack(0x00000063c6400000,0x00000063c6500000)]
  0x00000212d2d16d60 JavaThread "Common-Cleaner" daemon [_thread_blocked, id=15540, stack(0x00000063c6600000,0x00000063c6700000)]
  0x00000212d3ecf070 JavaThread "C2 CompilerThread1" daemon [_thread_blocked, id=19980, stack(0x00000063c6700000,0x00000063c6800000)]
  0x00000212d3f30090 JavaThread "C2 CompilerThread2" daemon [_thread_in_native, id=16280, stack(0x00000063c6d00000,0x00000063c6e00000)]

Other Threads:
  0x00000212d2250ec0 VMThread "VM Thread" [stack: 0x00000063c5a00000,0x00000063c5b00000] [id=3156]
  0x00000212d2d0cd40 WatcherThread [stack: 0x00000063c6500000,0x00000063c6600000] [id=20280]
  0x00000212b1c309a0 GCTaskThread "GC Thread#0" [stack: 0x00000063c5500000,0x00000063c5600000] [id=8940]
  0x00000212d3e297f0 GCTaskThread "GC Thread#1" [stack: 0x00000063c6e00000,0x00000063c6f00000] [id=9208]
  0x00000212d3e28ec0 GCTaskThread "GC Thread#2" [stack: 0x00000063c6f00000,0x00000063c7000000] [id=17256]
  0x00000212d3e29b00 GCTaskThread "GC Thread#3" [stack: 0x00000063c7000000,0x00000063c7100000] [id=6900]
  0x00000212d3e28bb0 GCTaskThread "GC Thread#4" [stack: 0x00000063c7100000,0x00000063c7200000] [id=964]
  0x00000212d3e288a0 GCTaskThread "GC Thread#5" [stack: 0x00000063c7200000,0x00000063c7300000] [id=14604]
  0x00000212d3e28590 GCTaskThread "GC Thread#6" [stack: 0x00000063c7300000,0x00000063c7400000] [id=6036]
  0x00000212d3e27f70 GCTaskThread "GC Thread#7" [stack: 0x00000063c7400000,0x00000063c7500000] [id=18436]
  0x00000212b1c3fc60 ConcurrentGCThread "G1 Main Marker" [stack: 0x00000063c5600000,0x00000063c5700000] [id=9900]
  0x00000212b1c40d80 ConcurrentGCThread "G1 Conc#0" [stack: 0x00000063c5700000,0x00000063c5800000] [id=19264]
  0x00000212b1cb49f0 ConcurrentGCThread "G1 Refine#0" [stack: 0x00000063c5800000,0x00000063c5900000] [id=15608]
  0x00000212d2110490 ConcurrentGCThread "G1 Service" [stack: 0x00000063c5900000,0x00000063c5a00000] [id=14396]

Threads with active compile tasks:
C2 CompilerThread2     1674  768   !   4       jdk.internal.loader.URLClassPath$JarLoader::getResource (354 bytes)

VM state: not at safepoint (normal execution)

VM Mutex/Monitor currently owned by a thread: None

Heap address: 0x0000000740a00000, size: 3062 MB, Compressed Oops mode: Zero based, Oop shift amount: 3
CDS archive(s) mapped at: [0x0000000800000000-0x0000000800bb0000-0x0000000800bb0000), size 12255232, SharedBaseAddress: 0x0000000800000000, ArchiveRelocationMode: 0.
Compressed class space mapped at: 0x0000000800c00000-0x0000000840c00000, reserved size: 1073741824
Narrow klass base: 0x0000000800000000, Narrow klass shift: 3, Narrow klass range: 0x100000000

GC Precious Log:
 CPUs: 8 total, 8 available
 Memory: 12247M
 Large Page Support: Disabled
 NUMA Support: Disabled
 Compressed Oops: Enabled (Zero based)
 Heap Region Size: 2M
 Heap Min Capacity: 8M
 Heap Initial Capacity: 192M
 Heap Max Capacity: 3062M
 Pre-touch: Disabled
 Parallel Workers: 8
 Concurrent Workers: 2
 Concurrent Refinement Workers: 8
 Periodic GC: Disabled

Heap:
 garbage-first heap   total 196608K, used 6784K [0x0000000740a00000, 0x0000000800000000)
  region size 2048K, 5 young (10240K), 2 survivors (4096K)
 Metaspace       used 7621K, committed 7808K, reserved 1064960K
  class space    used 365K, committed 448K, reserved 1048576K

Heap Regions: E=young(eden), S=young(survivor), O=old, HS=humongous(starts), HC=humongous(continues), CS=collection set, F=free, OA=open archive, CA=closed archive, TAMS=top-at-mark-start (previous, next)
|   0|0x0000000740a00000, 0x0000000740a00000, 0x0000000740c00000|  0%| F|  |TAMS 0x0000000740a00000, 0x0000000740a00000| Untracked 
|   1|0x0000000740c00000, 0x0000000740c00000, 0x0000000740e00000|  0%| F|  |TAMS 0x0000000740c00000, 0x0000000740c00000| Untracked 
|   2|0x0000000740e00000, 0x0000000740e00000, 0x0000000741000000|  0%| F|  |TAMS 0x0000000740e00000, 0x0000000740e00000| Untracked 
|   3|0x0000000741000000, 0x0000000741000000, 0x0000000741200000|  0%| F|  |TAMS 0x0000000741000000, 0x0000000741000000| Untracked 
|   4|0x0000000741200000, 0x0000000741200000, 0x0000000741400000|  0%| F|  |TAMS 0x0000000741200000, 0x0000000741200000| Untracked 
|   5|0x0000000741400000, 0x0000000741400000, 0x0000000741600000|  0%| F|  |TAMS 0x0000000741400000, 0x0000000741400000| Untracked 
|   6|0x0000000741600000, 0x0000000741600000, 0x0000000741800000|  0%| F|  |TAMS 0x0000000741600000, 0x0000000741600000| Untracked 
|   7|0x0000000741800000, 0x0000000741800000, 0x0000000741a00000|  0%| F|  |TAMS 0x0000000741800000, 0x0000000741800000| Untracked 
|   8|0x0000000741a00000, 0x0000000741a00000, 0x0000000741c00000|  0%| F|  |TAMS 0x0000000741a00000, 0x0000000741a00000| Untracked 
|   9|0x0000000741c00000, 0x0000000741c00000, 0x0000000741e00000|  0%| F|  |TAMS 0x0000000741c00000, 0x0000000741c00000| Untracked 
|  10|0x0000000741e00000, 0x0000000741e00000, 0x0000000742000000|  0%| F|  |TAMS 0x0000000741e00000, 0x0000000741e00000| Untracked 
|  11|0x0000000742000000, 0x0000000742000000, 0x0000000742200000|  0%| F|  |TAMS 0x0000000742000000, 0x0000000742000000| Untracked 
|  12|0x0000000742200000, 0x0000000742200000, 0x0000000742400000|  0%| F|  |TAMS 0x0000000742200000, 0x0000000742200000| Untracked 
|  13|0x0000000742400000, 0x0000000742400000, 0x0000000742600000|  0%| F|  |TAMS 0x0000000742400000, 0x0000000742400000| Untracked 
|  14|0x0000000742600000, 0x0000000742600000, 0x0000000742800000|  0%| F|  |TAMS 0x0000000742600000, 0x0000000742600000| Untracked 
|  15|0x0000000742800000, 0x0000000742800000, 0x0000000742a00000|  0%| F|  |TAMS 0x0000000742800000, 0x0000000742800000| Untracked 
|  16|0x0000000742a00000, 0x0000000742a00000, 0x0000000742c00000|  0%| F|  |TAMS 0x0000000742a00000, 0x0000000742a00000| Untracked 
|  17|0x0000000742c00000, 0x0000000742c00000, 0x0000000742e00000|  0%| F|  |TAMS 0x0000000742c00000, 0x0000000742c00000| Untracked 
|  18|0x0000000742e00000, 0x0000000742e00000, 0x0000000743000000|  0%| F|  |TAMS 0x0000000742e00000, 0x0000000742e00000| Untracked 
|  19|0x0000000743000000, 0x0000000743000000, 0x0000000743200000|  0%| F|  |TAMS 0x0000000743000000, 0x0000000743000000| Untracked 
|  20|0x0000000743200000, 0x0000000743200000, 0x0000000743400000|  0%| F|  |TAMS 0x0000000743200000, 0x0000000743200000| Untracked 
|  21|0x0000000743400000, 0x0000000743400000, 0x0000000743600000|  0%| F|  |TAMS 0x0000000743400000, 0x0000000743400000| Untracked 
|  22|0x0000000743600000, 0x0000000743600000, 0x0000000743800000|  0%| F|  |TAMS 0x0000000743600000, 0x0000000743600000| Untracked 
|  23|0x0000000743800000, 0x0000000743800000, 0x0000000743a00000|  0%| F|  |TAMS 0x0000000743800000, 0x0000000743800000| Untracked 
|  24|0x0000000743a00000, 0x0000000743a00000, 0x0000000743c00000|  0%| F|  |TAMS 0x0000000743a00000, 0x0000000743a00000| Untracked 
|  25|0x0000000743c00000, 0x0000000743c00000, 0x0000000743e00000|  0%| F|  |TAMS 0x0000000743c00000, 0x0000000743c00000| Untracked 
|  26|0x0000000743e00000, 0x0000000743e00000, 0x0000000744000000|  0%| F|  |TAMS 0x0000000743e00000, 0x0000000743e00000| Untracked 
|  27|0x0000000744000000, 0x0000000744000000, 0x0000000744200000|  0%| F|  |TAMS 0x0000000744000000, 0x0000000744000000| Untracked 
|  28|0x0000000744200000, 0x0000000744200000, 0x0000000744400000|  0%| F|  |TAMS 0x0000000744200000, 0x0000000744200000| Untracked 
|  29|0x0000000744400000, 0x0000000744400000, 0x0000000744600000|  0%| F|  |TAMS 0x0000000744400000, 0x0000000744400000| Untracked 
|  30|0x0000000744600000, 0x0000000744600000, 0x0000000744800000|  0%| F|  |TAMS 0x0000000744600000, 0x0000000744600000| Untracked 
|  31|0x0000000744800000, 0x0000000744800000, 0x0000000744a00000|  0%| F|  |TAMS 0x0000000744800000, 0x0000000744800000| Untracked 
|  32|0x0000000744a00000, 0x0000000744a00000, 0x0000000744c00000|  0%| F|  |TAMS 0x0000000744a00000, 0x0000000744a00000| Untracked 
|  33|0x0000000744c00000, 0x0000000744c00000, 0x0000000744e00000|  0%| F|  |TAMS 0x0000000744c00000, 0x0000000744c00000| Untracked 
|  34|0x0000000744e00000, 0x0000000744e00000, 0x0000000745000000|  0%| F|  |TAMS 0x0000000744e00000, 0x0000000744e00000| Untracked 
|  35|0x0000000745000000, 0x0000000745000000, 0x0000000745200000|  0%| F|  |TAMS 0x0000000745000000, 0x0000000745000000| Untracked 
|  36|0x0000000745200000, 0x0000000745200000, 0x0000000745400000|  0%| F|  |TAMS 0x0000000745200000, 0x0000000745200000| Untracked 
|  37|0x0000000745400000, 0x0000000745400000, 0x0000000745600000|  0%| F|  |TAMS 0x0000000745400000, 0x0000000745400000| Untracked 
|  38|0x0000000745600000, 0x0000000745600000, 0x0000000745800000|  0%| F|  |TAMS 0x0000000745600000, 0x0000000745600000| Untracked 
|  39|0x0000000745800000, 0x0000000745800000, 0x0000000745a00000|  0%| F|  |TAMS 0x0000000745800000, 0x0000000745800000| Untracked 
|  40|0x0000000745a00000, 0x0000000745a00000, 0x0000000745c00000|  0%| F|  |TAMS 0x0000000745a00000, 0x0000000745a00000| Untracked 
|  41|0x0000000745c00000, 0x0000000745c00000, 0x0000000745e00000|  0%| F|  |TAMS 0x0000000745c00000, 0x0000000745c00000| Untracked 
|  42|0x0000000745e00000, 0x0000000745e00000, 0x0000000746000000|  0%| F|  |TAMS 0x0000000745e00000, 0x0000000745e00000| Untracked 
|  43|0x0000000746000000, 0x0000000746000000, 0x0000000746200000|  0%| F|  |TAMS 0x0000000746000000, 0x0000000746000000| Untracked 
|  44|0x0000000746200000, 0x0000000746200000, 0x0000000746400000|  0%| F|  |TAMS 0x0000000746200000, 0x0000000746200000| Untracked 
|  45|0x0000000746400000, 0x0000000746400000, 0x0000000746600000|  0%| F|  |TAMS 0x0000000746400000, 0x0000000746400000| Untracked 
|  46|0x0000000746600000, 0x0000000746600000, 0x0000000746800000|  0%| F|  |TAMS 0x0000000746600000, 0x0000000746600000| Untracked 
|  47|0x0000000746800000, 0x0000000746800000, 0x0000000746a00000|  0%| F|  |TAMS 0x0000000746800000, 0x0000000746800000| Untracked 
|  48|0x0000000746a00000, 0x0000000746a00000, 0x0000000746c00000|  0%| F|  |TAMS 0x0000000746a00000, 0x0000000746a00000| Untracked 
|  49|0x0000000746c00000, 0x0000000746c00000, 0x0000000746e00000|  0%| F|  |TAMS 0x0000000746c00000, 0x0000000746c00000| Untracked 
|  50|0x0000000746e00000, 0x0000000746e00000, 0x0000000747000000|  0%| F|  |TAMS 0x0000000746e00000, 0x0000000746e00000| Untracked 
|  51|0x0000000747000000, 0x0000000747000000, 0x0000000747200000|  0%| F|  |TAMS 0x0000000747000000, 0x0000000747000000| Untracked 
|  52|0x0000000747200000, 0x0000000747200000, 0x0000000747400000|  0%| F|  |TAMS 0x0000000747200000, 0x0000000747200000| Untracked 
|  53|0x0000000747400000, 0x0000000747400000, 0x0000000747600000|  0%| F|  |TAMS 0x0000000747400000, 0x0000000747400000| Untracked 
|  54|0x0000000747600000, 0x0000000747600000, 0x0000000747800000|  0%| F|  |TAMS 0x0000000747600000, 0x0000000747600000| Untracked 
|  55|0x0000000747800000, 0x0000000747800000, 0x0000000747a00000|  0%| F|  |TAMS 0x0000000747800000, 0x0000000747800000| Untracked 
|  56|0x0000000747a00000, 0x0000000747a00000, 0x0000000747c00000|  0%| F|  |TAMS 0x0000000747a00000, 0x0000000747a00000| Untracked 
|  57|0x0000000747c00000, 0x0000000747c00000, 0x0000000747e00000|  0%| F|  |TAMS 0x0000000747c00000, 0x0000000747c00000| Untracked 
|  58|0x0000000747e00000, 0x0000000747e00000, 0x0000000748000000|  0%| F|  |TAMS 0x0000000747e00000, 0x0000000747e00000| Untracked 
|  59|0x0000000748000000, 0x0000000748000000, 0x0000000748200000|  0%| F|  |TAMS 0x0000000748000000, 0x0000000748000000| Untracked 
|  60|0x0000000748200000, 0x0000000748200000, 0x0000000748400000|  0%| F|  |TAMS 0x0000000748200000, 0x0000000748200000| Untracked 
|  61|0x0000000748400000, 0x0000000748400000, 0x0000000748600000|  0%| F|  |TAMS 0x0000000748400000, 0x0000000748400000| Untracked 
|  62|0x0000000748600000, 0x0000000748600000, 0x0000000748800000|  0%| F|  |TAMS 0x0000000748600000, 0x0000000748600000| Untracked 
|  63|0x0000000748800000, 0x0000000748800000, 0x0000000748a00000|  0%| F|  |TAMS 0x0000000748800000, 0x0000000748800000| Untracked 
|  64|0x0000000748a00000, 0x0000000748a00000, 0x0000000748c00000|  0%| F|  |TAMS 0x0000000748a00000, 0x0000000748a00000| Untracked 
|  65|0x0000000748c00000, 0x0000000748c00000, 0x0000000748e00000|  0%| F|  |TAMS 0x0000000748c00000, 0x0000000748c00000| Untracked 
|  66|0x0000000748e00000, 0x0000000748e00000, 0x0000000749000000|  0%| F|  |TAMS 0x0000000748e00000, 0x0000000748e00000| Untracked 
|  67|0x0000000749000000, 0x0000000749000000, 0x0000000749200000|  0%| F|  |TAMS 0x0000000749000000, 0x0000000749000000| Untracked 
|  68|0x0000000749200000, 0x0000000749200000, 0x0000000749400000|  0%| F|  |TAMS 0x0000000749200000, 0x0000000749200000| Untracked 
|  69|0x0000000749400000, 0x0000000749400000, 0x0000000749600000|  0%| F|  |TAMS 0x0000000749400000, 0x0000000749400000| Untracked 
|  70|0x0000000749600000, 0x0000000749600000, 0x0000000749800000|  0%| F|  |TAMS 0x0000000749600000, 0x0000000749600000| Untracked 
|  71|0x0000000749800000, 0x0000000749800000, 0x0000000749a00000|  0%| F|  |TAMS 0x0000000749800000, 0x0000000749800000| Untracked 
|  72|0x0000000749a00000, 0x0000000749a00000, 0x0000000749c00000|  0%| F|  |TAMS 0x0000000749a00000, 0x0000000749a00000| Untracked 
|  73|0x0000000749c00000, 0x0000000749c00000, 0x0000000749e00000|  0%| F|  |TAMS 0x0000000749c00000, 0x0000000749c00000| Untracked 
|  74|0x0000000749e00000, 0x0000000749e00000, 0x000000074a000000|  0%| F|  |TAMS 0x0000000749e00000, 0x0000000749e00000| Untracked 
|  75|0x000000074a000000, 0x000000074a000000, 0x000000074a200000|  0%| F|  |TAMS 0x000000074a000000, 0x000000074a000000| Untracked 
|  76|0x000000074a200000, 0x000000074a200000, 0x000000074a400000|  0%| F|  |TAMS 0x000000074a200000, 0x000000074a200000| Untracked 
|  77|0x000000074a400000, 0x000000074a400000, 0x000000074a600000|  0%| F|  |TAMS 0x000000074a400000, 0x000000074a400000| Untracked 
|  78|0x000000074a600000, 0x000000074a600000, 0x000000074a800000|  0%| F|  |TAMS 0x000000074a600000, 0x000000074a600000| Untracked 
|  79|0x000000074a800000, 0x000000074a800000, 0x000000074aa00000|  0%| F|  |TAMS 0x000000074a800000, 0x000000074a800000| Untracked 
|  80|0x000000074aa00000, 0x000000074aa00000, 0x000000074ac00000|  0%| F|  |TAMS 0x000000074aa00000, 0x000000074aa00000| Untracked 
|  81|0x000000074ac00000, 0x000000074ac00000, 0x000000074ae00000|  0%| F|  |TAMS 0x000000074ac00000, 0x000000074ac00000| Untracked 
|  82|0x000000074ae00000, 0x000000074ae00000, 0x000000074b000000|  0%| F|  |TAMS 0x000000074ae00000, 0x000000074ae00000| Untracked 
|  83|0x000000074b000000, 0x000000074b0a01d0, 0x000000074b200000| 31%| S|CS|TAMS 0x000000074b000000, 0x000000074b000000| Complete 
|  84|0x000000074b200000, 0x000000074b400000, 0x000000074b400000|100%| S|CS|TAMS 0x000000074b200000, 0x000000074b200000| Complete 
|  85|0x000000074b400000, 0x000000074b400000, 0x000000074b600000|  0%| F|  |TAMS 0x000000074b400000, 0x000000074b400000| Untracked 
|  86|0x000000074b600000, 0x000000074b600000, 0x000000074b800000|  0%| F|  |TAMS 0x000000074b600000, 0x000000074b600000| Untracked 
|  87|0x000000074b800000, 0x000000074b800000, 0x000000074ba00000|  0%| F|  |TAMS 0x000000074b800000, 0x000000074b800000| Untracked 
|  88|0x000000074ba00000, 0x000000074ba00000, 0x000000074bc00000|  0%| F|  |TAMS 0x000000074ba00000, 0x000000074ba00000| Untracked 
|  89|0x000000074bc00000, 0x000000074bc00000, 0x000000074be00000|  0%| F|  |TAMS 0x000000074bc00000, 0x000000074bc00000| Untracked 
|  90|0x000000074be00000, 0x000000074be00000, 0x000000074c000000|  0%| F|  |TAMS 0x000000074be00000, 0x000000074be00000| Untracked 
|  91|0x000000074c000000, 0x000000074c000000, 0x000000074c200000|  0%| F|  |TAMS 0x000000074c000000, 0x000000074c000000| Untracked 
|  92|0x000000074c200000, 0x000000074c200000, 0x000000074c400000|  0%| F|  |TAMS 0x000000074c200000, 0x000000074c200000| Untracked 
|  93|0x000000074c400000, 0x000000074c58b160, 0x000000074c600000| 77%| E|  |TAMS 0x000000074c400000, 0x000000074c400000| Complete 
|  94|0x000000074c600000, 0x000000074c800000, 0x000000074c800000|100%| E|CS|TAMS 0x000000074c600000, 0x000000074c600000| Complete 
|  95|0x000000074c800000, 0x000000074ca00000, 0x000000074ca00000|100%| E|CS|TAMS 0x000000074c800000, 0x000000074c800000| Complete 

Card table byte_map: [0x00000212c8c90000,0x00000212c9290000] _byte_map_base: 0x00000212c528b000

Marking Bits (Prev, Next): (CMBitMap*) 0x00000212b1c33340, (CMBitMap*) 0x00000212b1c33380
 Prev Bits: [0x00000212c9890000, 0x00000212cc868000)
 Next Bits: [0x00000212cc870000, 0x00000212cf848000)

Polling page: 0x00000212afbe0000

Metaspace:

Usage:
  Non-class:      7.09 MB used.
      Class:    365.02 KB used.
       Both:      7.44 MB used.

Virtual space:
  Non-class space:       16.00 MB reserved,       7.19 MB ( 45%) committed,  2 nodes.
      Class space:        1.00 GB reserved,     448.00 KB ( <1%) committed,  1 nodes.
              Both:        1.02 GB reserved,       7.62 MB ( <1%) committed. 

Chunk freelists:
   Non-Class:  2.64 MB
       Class:  3.48 MB
        Both:  6.12 MB

MaxMetaspaceSize: 17179869184.00 GB
CompressedClassSpaceSize: 1.00 GB
 - commit_granule_bytes: 65536.
 - commit_granule_words: 8192.
 - virtual_space_node_default_size: 1048576.
 - enlarge_chunks_in_place: 1.
 - new_chunks_are_fully_committed: 0.
 - uncommit_free_chunks: 1.
 - use_allocation_guard: 0.
 - handle_deallocations: 1.


Internal statistics:

num_allocs_failed_limit: 0.
num_arena_births: 56.
num_arena_deaths: 0.
num_vsnodes_births: 3.
num_vsnodes_deaths: 0.
num_space_committed: 120.
num_space_uncommitted: 0.
num_chunks_returned_to_freelist: 0.
num_chunks_taken_from_freelist: 275.
num_chunk_merges: 0.
num_chunk_splits: 203.
num_chunks_enlarged: 170.
num_purges: 0.

CodeHeap 'non-profiled nmethods': size=120000Kb used=403Kb max_used=403Kb free=119596Kb
 bounds [0x00000212c0e20000, 0x00000212c1090000, 0x00000212c8350000]
CodeHeap 'profiled nmethods': size=120000Kb used=1892Kb max_used=1892Kb free=118107Kb
 bounds [0x00000212b98f0000, 0x00000212b9b60000, 0x00000212c0e20000]
CodeHeap 'non-nmethods': size=5760Kb used=1708Kb max_used=1708Kb free=4051Kb
 bounds [0x00000212b9350000, 0x00000212b95c0000, 0x00000212b98f0000]
 total_blobs=2101 nmethods=991 adapters=1022
 compilation: enabled
              stopped_count=0, restarted_count=0
 full_count=0

Compilation events (20 events):
Event: 1.394 Thread 0x00000212d22a0110 nmethod 980 0x00000212b9ac5710 code [0x00000212b9ac58c0, 0x00000212b9ac5a68]
Event: 1.394 Thread 0x00000212d22a0110  981       3       org.lwjgl.glfw.GLFW::glfwGetKey (22 bytes)
Event: 1.394 Thread 0x00000212d22a0110 nmethod 981 0x00000212b9ac5b10 code [0x00000212b9ac5ce0, 0x00000212b9ac5f98]
Event: 1.394 Thread 0x00000212d22a0110  984       3       com.peachyseed.core.EngineManager::Input (17 bytes)
Event: 1.394 Thread 0x00000212d2272e70 nmethod 972 0x00000212c0e83990 code [0x00000212c0e83b40, 0x00000212c0e83ef8]
Event: 1.394 Thread 0x00000212d22a0110 nmethod 984 0x00000212b9ac6110 code [0x00000212b9ac62c0, 0x00000212b9ac6498]
Event: 1.394 Thread 0x00000212d22a0110  986       3       org.joml.Vector3f::set (17 bytes)
Event: 1.395 Thread 0x00000212d22a0110 nmethod 986 0x00000212b9ac6610 code [0x00000212b9ac67a0, 0x00000212b9ac68b8]
Event: 1.395 Thread 0x00000212d22a0110  985       3       com.peachyseed.core.MouseInput::Input (162 bytes)
Event: 1.395 Thread 0x00000212d22a0110 nmethod 985 0x00000212b9ac6990 code [0x00000212b9ac6b40, 0x00000212b9ac6f38]
Event: 1.477 Thread 0x00000212d2272e70  987       4       java.lang.String::getBytes (46 bytes)
Event: 1.480 Thread 0x00000212d2272e70 nmethod 987 0x00000212c0e84210 code [0x00000212c0e843a0, 0x00000212c0e845f8]
Event: 1.486 Thread 0x00000212d22a0110  988   !   3       java.util.jar.JarFile::getManifestFromReference (163 bytes)
Event: 1.487 Thread 0x00000212d22a0110 nmethod 988 0x00000212b9ac7090 code [0x00000212b9ac7360, 0x00000212b9ac84f8]
Event: 1.506 Thread 0x00000212d22a0110  990       1       java.lang.reflect.Method::getName (5 bytes)
Event: 1.506 Thread 0x00000212d22a0110 nmethod 990 0x00000212c0e84b10 code [0x00000212c0e84ca0, 0x00000212c0e84d78]
Event: 1.508 Thread 0x00000212d22a0110  991       3       java.lang.Class::getComponentType (14 bytes)
Event: 1.509 Thread 0x00000212d22a0110 nmethod 991 0x00000212b9ac8a90 code [0x00000212b9ac8c40, 0x00000212b9ac8e08]
Event: 1.509 Thread 0x00000212d22a0110  992       3       java.lang.invoke.MethodType::parameterSlotCount (8 bytes)
Event: 1.509 Thread 0x00000212d22a0110 nmethod 992 0x00000212b9ac8e90 code [0x00000212b9ac9020, 0x00000212b9ac9158]

GC Heap History (2 events):
Event: 1.219 GC heap before
{Heap before GC invocations=0 (full 0):
 garbage-first heap   total 196608K, used 20480K [0x0000000740a00000, 0x0000000800000000)
  region size 2048K, 11 young (22528K), 0 survivors (0K)
 Metaspace       used 5584K, committed 5760K, reserved 1056768K
  class space    used 275K, committed 384K, reserved 1048576K
}
Event: 1.224 GC heap after
{Heap after GC invocations=1 (full 0):
 garbage-first heap   total 196608K, used 2688K [0x0000000740a00000, 0x0000000800000000)
  region size 2048K, 2 young (4096K), 2 survivors (4096K)
 Metaspace       used 5584K, committed 5760K, reserved 1056768K
  class space    used 275K, committed 384K, reserved 1048576K
}

Deoptimization events (20 events):
Event: 1.341 Thread 0x00000212b1beb420 Uncommon trap: trap_request=0xffffffde fr.pc=0x00000212c0e81b0c relative=0x000000000000022c
Event: 1.341 Thread 0x00000212b1beb420 Uncommon trap: reason=class_check action=maybe_recompile pc=0x00000212c0e81b0c method=java.util.regex.Pattern$BmpCharPropertyGreedy.match(Ljava/util/regex/Matcher;ILjava/lang/CharSequence;)Z @ 26 c2
Event: 1.341 Thread 0x00000212b1beb420 DEOPT PACKING pc=0x00000212c0e81b0c sp=0x00000063c54fd450
Event: 1.341 Thread 0x00000212b1beb420 DEOPT UNPACKING pc=0x00000212b939d728 sp=0x00000063c54fd408 mode 2
Event: 1.341 Thread 0x00000212b1beb420 Uncommon trap: trap_request=0xffffffde fr.pc=0x00000212c0e81b0c relative=0x000000000000022c
Event: 1.341 Thread 0x00000212b1beb420 Uncommon trap: reason=class_check action=maybe_recompile pc=0x00000212c0e81b0c method=java.util.regex.Pattern$BmpCharPropertyGreedy.match(Ljava/util/regex/Matcher;ILjava/lang/CharSequence;)Z @ 26 c2
Event: 1.341 Thread 0x00000212b1beb420 DEOPT PACKING pc=0x00000212c0e81b0c sp=0x00000063c54fd3d0
Event: 1.341 Thread 0x00000212b1beb420 DEOPT UNPACKING pc=0x00000212b939d728 sp=0x00000063c54fd388 mode 2
Event: 1.341 Thread 0x00000212b1beb420 Uncommon trap: trap_request=0xffffffde fr.pc=0x00000212c0e81b0c relative=0x000000000000022c
Event: 1.341 Thread 0x00000212b1beb420 Uncommon trap: reason=class_check action=maybe_recompile pc=0x00000212c0e81b0c method=java.util.regex.Pattern$BmpCharPropertyGreedy.match(Ljava/util/regex/Matcher;ILjava/lang/CharSequence;)Z @ 26 c2
Event: 1.341 Thread 0x00000212b1beb420 DEOPT PACKING pc=0x00000212c0e81b0c sp=0x00000063c54fd130
Event: 1.341 Thread 0x00000212b1beb420 DEOPT UNPACKING pc=0x00000212b939d728 sp=0x00000063c54fd0e8 mode 2
Event: 1.341 Thread 0x00000212b1beb420 Uncommon trap: trap_request=0xffffffde fr.pc=0x00000212c0e79860 relative=0x00000000000004c0
Event: 1.341 Thread 0x00000212b1beb420 Uncommon trap: reason=class_check action=maybe_recompile pc=0x00000212c0e79860 method=java.util.regex.Pattern$Start.match(Ljava/util/regex/Matcher;ILjava/lang/CharSequence;)Z @ 44 c2
Event: 1.341 Thread 0x00000212b1beb420 DEOPT PACKING pc=0x00000212c0e79860 sp=0x00000063c54fd6e0
Event: 1.341 Thread 0x00000212b1beb420 DEOPT UNPACKING pc=0x00000212b939d728 sp=0x00000063c54fd640 mode 2
Event: 1.341 Thread 0x00000212b1beb420 Uncommon trap: trap_request=0xffffffde fr.pc=0x00000212c0e81b0c relative=0x000000000000022c
Event: 1.341 Thread 0x00000212b1beb420 Uncommon trap: reason=class_check action=maybe_recompile pc=0x00000212c0e81b0c method=java.util.regex.Pattern$BmpCharPropertyGreedy.match(Ljava/util/regex/Matcher;ILjava/lang/CharSequence;)Z @ 26 c2
Event: 1.341 Thread 0x00000212b1beb420 DEOPT PACKING pc=0x00000212c0e81b0c sp=0x00000063c54fd450
Event: 1.341 Thread 0x00000212b1beb420 DEOPT UNPACKING pc=0x00000212b939d728 sp=0x00000063c54fd408 mode 2

Classes unloaded (0 events):
No events

Classes redefined (0 events):
No events

Internal exceptions (19 events):
Event: 0.267 Thread 0x00000212b1beb420 Exception <a 'java/lang/NoSuchMethodError'{0x000000074c3890a8}: 'java.lang.Object java.lang.invoke.DirectMethodHandle$Holder.invokeStatic(java.lang.Object)'> (0x000000074c3890a8) 
thrown [t:\workspace\open\src\hotspot\share\interpreter\linkResolver.cpp, line 790]
Event: 0.268 Thread 0x00000212b1beb420 Exception <a 'java/lang/NoSuchMethodError'{0x000000074c38c8d8}: 'java.lang.Object java.lang.invoke.DirectMethodHandle$Holder.invokeStaticInit(java.lang.Object)'> (0x000000074c38c8d8) 
thrown [t:\workspace\open\src\hotspot\share\interpreter\linkResolver.cpp, line 790]
Event: 0.285 Thread 0x00000212b1beb420 Exception <a 'java/lang/NoSuchMethodError'{0x000000074c019088}: 'void java.lang.invoke.DirectMethodHandle$Holder.invokeStatic(java.lang.Object, java.lang.Object)'> (0x000000074c019088) 
thrown [t:\workspace\open\src\hotspot\share\interpreter\linkResolver.cpp, line 790]
Event: 0.286 Thread 0x00000212b1beb420 Exception <a 'java/lang/NoSuchMethodError'{0x000000074c01e9f0}: 'void java.lang.invoke.DirectMethodHandle$Holder.invokeSpecial(java.lang.Object, java.lang.Object, java.lang.Object)'> (0x000000074c01e9f0) 
thrown [t:\workspace\open\src\hotspot\share\interpreter\linkResolver.cpp, line 790]
Event: 0.289 Thread 0x00000212b1beb420 Exception <a 'java/lang/NoSuchMethodError'{0x000000074c033748}: 'java.lang.Object java.lang.invoke.DirectMethodHandle$Holder.invokeStatic(java.lang.Object, java.lang.Object, int)'> (0x000000074c033748) 
thrown [t:\workspace\open\src\hotspot\share\interpreter\linkResolver.cpp, line 790]
Event: 0.291 Thread 0x00000212b1beb420 Exception <a 'java/lang/NoSuchMethodError'{0x000000074c03f8f0}: 'void java.lang.invoke.DelegatingMethodHandle$Holder.delegate(java.lang.Object, java.lang.Object, int, java.lang.Object)'> (0x000000074c03f8f0) 
thrown [t:\workspace\open\src\hotspot\share\interpreter\linkResolver.cpp, line 790]
Event: 0.292 Thread 0x00000212b1beb420 Exception <a 'java/lang/NoSuchMethodError'{0x000000074c043c48}: 'int java.lang.invoke.DirectMethodHandle$Holder.invokeSpecial(java.lang.Object, java.lang.Object, java.lang.Object)'> (0x000000074c043c48) 
thrown [t:\workspace\open\src\hotspot\share\interpreter\linkResolver.cpp, line 790]
Event: 0.355 Thread 0x00000212b1beb420 Exception <a 'sun/nio/fs/WindowsException'{0x000000074c1a5e08}> (0x000000074c1a5e08) 
thrown [t:\workspace\open\src\hotspot\share\prims\jni.cpp, line 579]
Event: 0.356 Thread 0x00000212b1beb420 Exception <a 'sun/nio/fs/WindowsException'{0x000000074c1a6360}> (0x000000074c1a6360) 
thrown [t:\workspace\open\src\hotspot\share\prims\jni.cpp, line 579]
Event: 0.410 Thread 0x00000212b1beb420 Exception <a 'sun/nio/fs/WindowsException'{0x000000074bf4b5f0}> (0x000000074bf4b5f0) 
thrown [t:\workspace\open\src\hotspot\share\prims\jni.cpp, line 579]
Event: 0.410 Thread 0x00000212b1beb420 Exception <a 'sun/nio/fs/WindowsException'{0x000000074bf4b990}> (0x000000074bf4b990) 
thrown [t:\workspace\open\src\hotspot\share\prims\jni.cpp, line 579]
Event: 0.437 Thread 0x00000212b1beb420 Exception <a 'sun/nio/fs/WindowsException'{0x000000074bc31f70}> (0x000000074bc31f70) 
thrown [t:\workspace\open\src\hotspot\share\prims\jni.cpp, line 579]
Event: 0.437 Thread 0x00000212b1beb420 Exception <a 'sun/nio/fs/WindowsException'{0x000000074bc322e0}> (0x000000074bc322e0) 
thrown [t:\workspace\open\src\hotspot\share\prims\jni.cpp, line 579]
Event: 0.972 Thread 0x00000212b1beb420 Exception <a 'sun/nio/fs/WindowsException'{0x000000074bcec6d8}> (0x000000074bcec6d8) 
thrown [t:\workspace\open\src\hotspot\share\prims\jni.cpp, line 579]
Event: 0.972 Thread 0x00000212b1beb420 Exception <a 'sun/nio/fs/WindowsException'{0x000000074bceca88}> (0x000000074bceca88) 
thrown [t:\workspace\open\src\hotspot\share\prims\jni.cpp, line 579]
Event: 0.978 Thread 0x00000212b1beb420 Exception <a 'sun/nio/fs/WindowsException'{0x000000074bd05e40}> (0x000000074bd05e40) 
thrown [t:\workspace\open\src\hotspot\share\prims\jni.cpp, line 579]
Event: 0.978 Thread 0x00000212b1beb420 Exception <a 'sun/nio/fs/WindowsException'{0x000000074bd06128}> (0x000000074bd06128) 
thrown [t:\workspace\open\src\hotspot\share\prims\jni.cpp, line 579]
Event: 1.335 Thread 0x00000212b1beb420 Exception <a 'sun/nio/fs/WindowsException'{0x000000074c67d620}> (0x000000074c67d620) 
thrown [t:\workspace\open\src\hotspot\share\prims\jni.cpp, line 579]
Event: 1.335 Thread 0x00000212b1beb420 Exception <a 'sun/nio/fs/WindowsException'{0x000000074c67d9a8}> (0x000000074c67d9a8) 
thrown [t:\workspace\open\src\hotspot\share\prims\jni.cpp, line 579]

Events (20 events):
Event: 1.295 loading class java/util/stream/Nodes$EmptyNode$OfDouble done
Event: 1.295 loading class java/util/stream/Nodes$IntFixedNodeBuilder
Event: 1.295 loading class java/util/stream/Node$Builder$OfInt
Event: 1.295 loading class java/util/stream/Node$Builder
Event: 1.295 loading class java/util/stream/Node$Builder done
Event: 1.295 loading class java/util/stream/Node$Builder$OfInt done
Event: 1.295 loading class java/util/stream/Nodes$IntArrayNode
Event: 1.295 loading class java/util/stream/Nodes$IntArrayNode done
Event: 1.295 loading class java/util/stream/Nodes$IntFixedNodeBuilder done
Event: 1.295 loading class java/util/stream/ReferencePipeline$4$1
Event: 1.296 loading class java/util/stream/ReferencePipeline$4$1 done
Event: 1.339 Loaded shared library C:\Users\levyo\AppData\Local\Temp\lwjgllevyo\3.2.3-build-13\lwjgl_stb.dll
Event: 1.421 loading class java/lang/SecurityException
Event: 1.421 loading class java/lang/SecurityException done
Event: 1.423 loading class jdk/internal/access/foreign/MemorySegmentProxy
Event: 1.424 loading class jdk/internal/access/foreign/MemorySegmentProxy done
Event: 1.507 loading class java/lang/NumberFormatException
Event: 1.507 loading class java/lang/NumberFormatException done
Event: 1.507 Executing  VM operation: HandshakeAllThreads
Event: 1.507 Executing  VM operation: HandshakeAllThreads done


Dynamic libraries:
0x00007ff782ed0000 - 0x00007ff782ede000 	C:\Users\levyo\.jdks\openjdk-16\bin\java.exe
0x00007ffc75d10000 - 0x00007ffc75f08000 	C:\WINDOWS\SYSTEM32\ntdll.dll
0x00007ffc757e0000 - 0x00007ffc7589f000 	C:\WINDOWS\System32\KERNEL32.DLL
0x00007ffc739d0000 - 0x00007ffc73ca2000 	C:\WINDOWS\System32\KERNELBASE.dll
0x00007ffc736d0000 - 0x00007ffc737d0000 	C:\WINDOWS\System32\ucrtbase.dll
0x00007ffc6e6e0000 - 0x00007ffc6e6f9000 	C:\Users\levyo\.jdks\openjdk-16\bin\VCRUNTIME140.dll
0x00007ffc6e150000 - 0x00007ffc6e168000 	C:\Users\levyo\.jdks\openjdk-16\bin\jli.dll
0x00007ffc74cf0000 - 0x00007ffc74e8d000 	C:\WINDOWS\System32\USER32.dll
0x00007ffc632b0000 - 0x00007ffc6354a000 	C:\WINDOWS\WinSxS\amd64_microsoft.windows.common-controls_6595b64144ccf1df_6.0.19041.1110_none_60b5254171f9507e\COMCTL32.dll
0x00007ffc73540000 - 0x00007ffc73562000 	C:\WINDOWS\System32\win32u.dll
0x00007ffc757b0000 - 0x00007ffc757db000 	C:\WINDOWS\System32\GDI32.dll
0x00007ffc758a0000 - 0x00007ffc7593e000 	C:\WINDOWS\System32\msvcrt.dll
0x00007ffc737d0000 - 0x00007ffc738df000 	C:\WINDOWS\System32\gdi32full.dll
0x00007ffc73930000 - 0x00007ffc739cd000 	C:\WINDOWS\System32\msvcp_win.dll
0x00007ffc75b60000 - 0x00007ffc75b92000 	C:\WINDOWS\System32\IMM32.DLL
0x00007ffc6edf0000 - 0x00007ffc6edfc000 	C:\Users\levyo\.jdks\openjdk-16\bin\vcruntime140_1.dll
0x00007ffc59df0000 - 0x00007ffc59e81000 	C:\Users\levyo\.jdks\openjdk-16\bin\msvcp140.dll
0x00007ffc2a750000 - 0x00007ffc2b2fb000 	C:\Users\levyo\.jdks\openjdk-16\bin\server\jvm.dll
0x00007ffc75650000 - 0x00007ffc756fe000 	C:\WINDOWS\System32\ADVAPI32.dll
0x00007ffc742f0000 - 0x00007ffc7438c000 	C:\WINDOWS\System32\sechost.dll
0x00007ffc75ba0000 - 0x00007ffc75cc5000 	C:\WINDOWS\System32\RPCRT4.dll
0x00007ffc75940000 - 0x00007ffc75948000 	C:\WINDOWS\System32\PSAPI.DLL
0x00007ffc6af20000 - 0x00007ffc6af47000 	C:\WINDOWS\SYSTEM32\WINMM.dll
0x00007ffc6cd10000 - 0x00007ffc6cd1a000 	C:\WINDOWS\SYSTEM32\VERSION.dll
0x00007ffc21d50000 - 0x00007ffc21d59000 	C:\WINDOWS\SYSTEM32\WSOCK32.dll
0x00007ffc74e90000 - 0x00007ffc74efb000 	C:\WINDOWS\System32\WS2_32.dll
0x00007ffc714b0000 - 0x00007ffc714c2000 	C:\WINDOWS\SYSTEM32\kernel.appcore.dll
0x00007ffc65250000 - 0x00007ffc6525a000 	C:\Users\levyo\.jdks\openjdk-16\bin\jimage.dll
0x00007ffc71150000 - 0x00007ffc71334000 	C:\WINDOWS\SYSTEM32\DBGHELP.DLL
0x00007ffc5dc30000 - 0x00007ffc5dc5c000 	C:\WINDOWS\SYSTEM32\dbgcore.DLL
0x00007ffc73410000 - 0x00007ffc73492000 	C:\WINDOWS\System32\bcryptPrimitives.dll
0x00007ffc627b0000 - 0x00007ffc627d5000 	C:\Users\levyo\.jdks\openjdk-16\bin\java.dll
0x00007ffc74f00000 - 0x00007ffc75643000 	C:\WINDOWS\System32\SHELL32.dll
0x00007ffc714d0000 - 0x00007ffc71c62000 	C:\WINDOWS\SYSTEM32\windows.storage.dll
0x00007ffc73f90000 - 0x00007ffc742e4000 	C:\WINDOWS\System32\combase.dll
0x00007ffc72d90000 - 0x00007ffc72dc0000 	C:\WINDOWS\SYSTEM32\Wldp.dll
0x00007ffc75700000 - 0x00007ffc757ad000 	C:\WINDOWS\System32\SHCORE.dll
0x00007ffc74b70000 - 0x00007ffc74bc5000 	C:\WINDOWS\System32\shlwapi.dll
0x00007ffc73350000 - 0x00007ffc7336f000 	C:\WINDOWS\SYSTEM32\profapi.dll
0x00007ffc63670000 - 0x00007ffc63689000 	C:\Users\levyo\.jdks\openjdk-16\bin\net.dll
0x00007ffc6d430000 - 0x00007ffc6d53c000 	C:\WINDOWS\SYSTEM32\WINHTTP.dll
0x00007ffc72af0000 - 0x00007ffc72b5a000 	C:\WINDOWS\system32\mswsock.dll
0x00007ffc62790000 - 0x00007ffc627a3000 	C:\Users\levyo\.jdks\openjdk-16\bin\nio.dll
0x00007ffc62750000 - 0x00007ffc62768000 	C:\Users\levyo\.jdks\openjdk-16\bin\zip.dll
0x00007ffc62960000 - 0x00007ffc62970000 	C:\Users\levyo\.jdks\openjdk-16\bin\verify.dll
0x00007ffc59ed0000 - 0x00007ffc59f34000 	C:\Users\levyo\AppData\Local\Temp\lwjgllevyo\3.2.3-build-13\lwjgl.dll
0x00007ffc39d60000 - 0x00007ffc39fb3000 	C:\Users\levyo\AppData\Local\Temp\lwjgllevyo\3.2.3-build-13\jemalloc.dll
0x00007ffc571f0000 - 0x00007ffc57252000 	C:\Users\levyo\AppData\Local\Temp\lwjgllevyo\3.2.3-build-13\glfw.dll
0x00007ffc70b50000 - 0x00007ffc70bee000 	C:\WINDOWS\system32\uxtheme.dll
0x00007ffc5f0b0000 - 0x00007ffc5f0f5000 	C:\WINDOWS\SYSTEM32\dinput8.dll
0x00007ffc59580000 - 0x00007ffc59591000 	C:\WINDOWS\SYSTEM32\xinput1_4.dll
0x00007ffc738e0000 - 0x00007ffc7392e000 	C:\WINDOWS\System32\cfgmgr32.dll
0x00007ffc730e0000 - 0x00007ffc7310c000 	C:\WINDOWS\SYSTEM32\DEVOBJ.dll
0x00007ffc70ef0000 - 0x00007ffc70f1f000 	C:\WINDOWS\SYSTEM32\dwmapi.dll
0x00007ffc515f0000 - 0x00007ffc51742000 	C:\WINDOWS\SYSTEM32\inputhost.dll
0x00007ffc73ec0000 - 0x00007ffc73f8d000 	C:\WINDOWS\System32\OLEAUT32.dll
0x00007ffc70380000 - 0x00007ffc704d4000 	C:\WINDOWS\SYSTEM32\wintypes.dll
0x00007ffc70840000 - 0x00007ffc70932000 	C:\WINDOWS\SYSTEM32\CoreMessaging.dll
0x00007ffc6ecc0000 - 0x00007ffc6edb6000 	C:\WINDOWS\SYSTEM32\PROPSYS.dll
0x00007ffc704e0000 - 0x00007ffc7083e000 	C:\WINDOWS\SYSTEM32\CoreUIComponents.dll
0x00007ffc72550000 - 0x00007ffc72583000 	C:\WINDOWS\SYSTEM32\ntmarta.dll
0x00007ffc74bd0000 - 0x00007ffc74ce5000 	C:\WINDOWS\System32\MSCTF.dll
0x00007ffc71c70000 - 0x00007ffc71c7d000 	C:\WINDOWS\SYSTEM32\HID.DLL
0x00007ffc74700000 - 0x00007ffc74b68000 	C:\WINDOWS\System32\SETUPAPI.DLL
0x00007ffc734a0000 - 0x00007ffc734c7000 	C:\WINDOWS\System32\bcrypt.dll
0x00007ffc734d0000 - 0x00007ffc7353a000 	C:\WINDOWS\System32\WINTRUST.dll
0x00007ffc73570000 - 0x00007ffc736c6000 	C:\WINDOWS\System32\CRYPT32.dll
0x00007ffc72f20000 - 0x00007ffc72f32000 	C:\WINDOWS\SYSTEM32\MSASN1.dll
0x00007ffc00ce0000 - 0x00007ffc00e05000 	C:\WINDOWS\SYSTEM32\opengl32.dll
0x00007ffc00cb0000 - 0x00007ffc00cdc000 	C:\WINDOWS\SYSTEM32\GLU32.dll
0x00007ffc759e0000 - 0x00007ffc75a8f000 	C:\WINDOWS\System32\clbcatq.dll
0x00007ffbe54e0000 - 0x00007ffbe8e0d000 	C:\WINDOWS\System32\DriverStore\FileRepository\nv_dispi.inf_amd64_ade64cd54ec2f9ed\nvoglv64.dll
0x00007ffc74420000 - 0x00007ffc7454a000 	C:\WINDOWS\System32\ole32.dll
0x00007ffc6e130000 - 0x00007ffc6e144000 	C:\WINDOWS\SYSTEM32\WTSAPI32.dll
0x00007ffc6ca70000 - 0x00007ffc6caa1000 	C:\WINDOWS\SYSTEM32\cryptnet.dll
0x00007ffc6c920000 - 0x00007ffc6ca68000 	C:\WINDOWS\SYSTEM32\drvstore.dll
0x00007ffc72ce0000 - 0x00007ffc72cec000 	C:\WINDOWS\SYSTEM32\cryptbase.dll
0x00007ffc6d280000 - 0x00007ffc6d2bb000 	C:\WINDOWS\SYSTEM32\dxcore.dll
0x00007ffc33c00000 - 0x00007ffc33ec7000 	C:\WINDOWS\system32\nvspcap64.dll
0x00007ffc73280000 - 0x00007ffc732cb000 	C:\WINDOWS\SYSTEM32\powrprof.dll
0x00007ffc73260000 - 0x00007ffc73272000 	C:\WINDOWS\SYSTEM32\UMPDC.dll
0x00007ffc73140000 - 0x00007ffc731a4000 	C:\WINDOWS\SYSTEM32\WINSTA.dll
0x00007ffc5b3e0000 - 0x00007ffc5b4d9000 	C:\WINDOWS\SYSTEM32\textinputframework.dll
0x00007ffc63240000 - 0x00007ffc632a6000 	C:\WINDOWS\system32\Oleacc.dll
0x00007ffc545d0000 - 0x00007ffc54629000 	C:\Users\levyo\AppData\Local\Temp\lwjgllevyo\3.2.3-build-13\lwjgl_opengl.dll
0x00007ffc53790000 - 0x00007ffc53807000 	C:\Users\levyo\AppData\Local\Temp\lwjgllevyo\3.2.3-build-13\lwjgl_stb.dll

dbghelp: loaded successfully - version: 4.0.5 - missing functions: none
symbol engine: initialized successfully - sym options: 0x614 - pdb path: .;C:\Users\levyo\.jdks\openjdk-16\bin;C:\WINDOWS\SYSTEM32;C:\WINDOWS\WinSxS\amd64_microsoft.windows.common-controls_6595b64144ccf1df_6.0.19041.1110_none_60b5254171f9507e;C:\Users\levyo\.jdks\openjdk-16\bin\server;C:\Users\levyo\AppData\Local\Temp\lwjgllevyo\3.2.3-build-13;C:\WINDOWS\System32\DriverStore\FileRepository\nv_dispi.inf_amd64_ade64cd54ec2f9ed

VM Arguments:
jvm_args: -Dfile.encoding=windows-1252 -Duser.country=RU -Duser.language=ru -Duser.variant 
java_command: com.peachyseed.test.Launcher
java_class_path (initial): D:\Development\needed\our banges\engines\PeachySeed\build\classes\java\main;D:\Development\needed\our banges\engines\PeachySeed\build\resources\main;C:\Users\levyo\.gradle\caches\modules-2\files-2.1\org.joml\joml-primitives\1.10.0\b3ae3ae0dfee0bf5aef9f7964205cca0f3c6ea07\joml-primitives-1.10.0.jar;C:\Users\levyo\.gradle\caches\modules-2\files-2.1\org.joml\joml\1.10.0\a29b8bf72dc1478e9ceea256db214188da94f313\joml-1.10.0.jar;C:\Users\levyo\.gradle\caches\modules-2\files-2.1\org.lwjgl\lwjgl-assimp\3.2.3\f62aa07a20afbdd3097efc296c4841e0d29700eb\lwjgl-assimp-3.2.3.jar;C:\Users\levyo\.gradle\caches\modules-2\files-2.1\org.lwjgl\lwjgl-assimp\3.2.3\4e60aeb75f0343c4a9ede4ef8b6b32ca702a00a3\lwjgl-assimp-3.2.3-natives-windows.jar;C:\Users\levyo\.gradle\caches\modules-2\files-2.1\org.lwjgl\lwjgl-bgfx\3.2.3\433883c4040fa8df47244dffa1d42c96ce2143de\lwjgl-bgfx-3.2.3.jar;C:\Users\levyo\.gradle\caches\modules-2\files-2.1\org.lwjgl\lwjgl-bgfx\3.2.3\f589da97dd3cfa96f42c8c812a0a028cf28223b8\lwjgl-bgfx-3.2.3-natives-windows.jar;C:\Users\levyo\.gradle\caches\modules-2\files-2.1\org.lwjgl\lwjgl-cuda\3.2.3\fb91f3aaa29e69eee7f1314a63d3e3068ad138e4\lwjgl-cuda-3.2.3.jar;C:\Users\levyo\.gradle\caches\modules-2\files-2.1\org.lwjgl\lwjgl-egl\3.2.3\45ad689a4346fac69d4e8696fa02aaa98f0ea196\lwjgl-egl-3.2.3.jar;C:\Users\levyo\.gradle\caches\modules-2\files-2.1\org.lwjgl\lwjgl-glfw\3.2.3\5e520d5c290c8b012545a8d34fa5db5ab051ea53\lwjgl-glfw-3.2.3.jar;C:\Users\levyo\.gradle\caches\modules-2\files-2.1\org.lwjgl\lwjgl-glfw\3.2.3\b4d8a3477cdc2edcf7a5f1e822926be846223f54\lwjgl-glfw-3.2.3-natives-windows.jar;C:\Users\levyo\.gradle\caches\modules-2\files-2.1\org.lwjgl\lwjgl-jawt\3.2.3\b93ceb43c55c28651e178af42e1f344e1e9d8bf3\lwjgl-jawt-3.2.3.jar;C:\Users\levyo\.gradle\caches\modules-2\files-2.1\org.lwjgl\lwjgl-jemalloc\3.2.3\b6fd0932171ba3f2eaa4547beddca3a3e645342d\lwjgl-jemalloc-3.2.3.jar;C:\Users\levyo\.gradle\caches\modules-2\files-2.1\org.lwjgl\lwjgl-jemalloc\3.2.3\3423fd0d4c7
Launcher Type: SUN_STANDARD

[Global flags]
     intx CICompilerCount                          = 4                                         {product} {ergonomic}
     uint ConcGCThreads                            = 2                                         {product} {ergonomic}
     uint G1ConcRefinementThreads                  = 8                                         {product} {ergonomic}
   size_t G1HeapRegionSize                         = 2097152                                   {product} {ergonomic}
    uintx GCDrainStackTargetSize                   = 64                                        {product} {ergonomic}
   size_t InitialHeapSize                          = 201326592                                 {product} {ergonomic}
   size_t MarkStackSize                            = 4194304                                   {product} {ergonomic}
   size_t MaxHeapSize                              = 3210739712                                {product} {ergonomic}
   size_t MaxNewSize                               = 1925185536                                {product} {ergonomic}
   size_t MinHeapDeltaBytes                        = 2097152                                   {product} {ergonomic}
   size_t MinHeapSize                              = 8388608                                   {product} {ergonomic}
    uintx NonNMethodCodeHeapSize                   = 5839372                                {pd product} {ergonomic}
    uintx NonProfiledCodeHeapSize                  = 122909434                              {pd product} {ergonomic}
    uintx ProfiledCodeHeapSize                     = 122909434                              {pd product} {ergonomic}
    uintx ReservedCodeCacheSize                    = 251658240                              {pd product} {ergonomic}
     bool SegmentedCodeCache                       = true                                      {product} {ergonomic}
   size_t SoftMaxHeapSize                          = 3210739712                             {manageable} {ergonomic}
     bool UseCompressedClassPointers               = true                           {product lp64_product} {ergonomic}
     bool UseCompressedOops                        = true                           {product lp64_product} {ergonomic}
     bool UseG1GC                                  = true                                      {product} {ergonomic}
     bool UseLargePagesIndividualAllocation        = false                                  {pd product} {ergonomic}

Logging:
Log output configuration:
 #0: stdout all=warning uptime,level,tags
 #1: stderr all=off uptime,level,tags

Environment Variables:
PATH=C:\Python27\;C:\Python27\Scripts;C:\Program Files\Common Files\Oracle\Java\javapath;D:\Development\Assets\VulkanSDK\1.2.189.2\Bin;C:\ProgramData\Oracle\Java\javapath;C:\WINDOWS\system32;C:\WINDOWS;C:\WINDOWS\System32\Wbem;C:\WINDOWS\System32\WindowsPowerShell\v1.0\;C:\WINDOWS\System32\OpenSSH\;C:\Program Files\Microsoft SQL Server\130\Tools\Binn\;C:\Program Files\dotnet\;C:\Program Files\NVIDIA Corporation\NVIDIA NvDLISR;"C:\Windows\Microsoft.NET\Framework\v4.0.30319;";C:\Program Files\PuTTY\;C:\Program Files\Git\cmd;C:\Program Files (x86)\NVIDIA Corporation\PhysX\Common;C:\Program Files\WireGuard\;D:\Soft\NodeJs\;C:\ProgramData\chocolatey\bin;C:\Program Files\Git LFS;E:\PerforceData\;C:\Users\levyo\AppData\Local\Programs\Python\Python37;C:\Users\levyo\AppData\Local\Microsoft\WindowsApps;C:\Users\levyo\AppData\Local\GitHubDesktop\bin;C:\Users\levyo\.dotnet\tools;D:\Soft\CLion 2021.2.3\bin;C:\Users\levyo\AppData\Local\gitkraken\bin;C:\Users\levyo\AppData\Roaming\npm;D:\Soft\Microsoft VS Code\bin
USERNAME=levyo
OS=Windows_NT
PROCESSOR_IDENTIFIER=Intel64 Family 6 Model 30 Stepping 5, GenuineIntel



---------------  S Y S T E M  ---------------

OS:
 Windows 10 , 64 bit Build 19041 (10.0.19041.2251)
OS uptime: 1 days 2:13 hours

CPU: total 8 (initial active 8) (4 cores per cpu, 2 threads per core) family 6 model 30 stepping 5 microcode 0xa, cx8, cmov, fxsr, ht, mmx, sse, sse2, sse3, ssse3, sse4.1, sse4.2, popcnt, tsc, tscinvbit, clflush

Memory: 4k page, system-wide physical 12247M (3418M free)
TotalPageFile size 26583M (AvailPageFile size 11568M)
current process WorkingSet (physical memory assigned to process): 151M, peak: 154M
current process commit charge ("private bytes"): 423M, peak: 427M

vm_info: OpenJDK 64-Bit Server VM (16+36-2231) for windows-amd64 JRE (16+36-2231), built on Feb  8 2021 11:39:36 by "mach5one" with MS VC++ 16.7 (VS2019)

END.
