#
# A fatal error has been detected by the Java Runtime Environment:
#
#  EXCEPTION_ACCESS_VIOLATION (0xc0000005) at pc=0x00007ffc940e1b65, pid=4628, tid=9752
#
# JRE version: OpenJDK Runtime Environment (16.0+36) (build 16+36-2231)
# Java VM: OpenJDK 64-Bit Server VM (16+36-2231, mixed mode, sharing, tiered, compressed oops, g1 gc, windows-amd64)
# Problematic frame:
# C  [glfw.dll+0x1b65]
#
# No core dump will be written. Minidumps are not enabled by default on client versions of Windows
#
# If you would like to submit a bug report, please visit:
#   https://bugreport.java.com/bugreport/crash.jsp
# The crash happened outside the Java Virtual Machine in native code.
# See problematic frame for where to report the bug.
#

---------------  S U M M A R Y ------------

Command Line: -Dfile.encoding=windows-1252 -Duser.country=RU -Duser.language=ru -Duser.variant com.peachyseed.test.Launcher

Host: Intel(R) Xeon(R) CPU           X3440  @ 2.53GHz, 8 cores, 11G,  Windows 10 , 64 bit Build 19041 (10.0.19041.2251)
Time: Thu Dec  8 11:02:15 2022  Windows 10 , 64 bit Build 19041 (10.0.19041.2251) elapsed time: 1.187286 seconds (0d 0h 0m 1s)

---------------  T H R E A D  ---------------

Current thread (0x000001ea6c9f0760):  JavaThread "main" [_thread_in_native, id=9752, stack(0x0000008dd6900000,0x0000008dd6a00000)]

Stack: [0x0000008dd6900000,0x0000008dd6a00000],  sp=0x0000008dd69ff428,  free space=1021k
Native frames: (J=compiled Java code, j=interpreted, Vv=VM code, C=native code)
C  [glfw.dll+0x1b65]

Java frames: (J=compiled Java code, j=interpreted, Vv=VM code)
j  org.lwjgl.system.JNI.invokePV(JJ)V+0
j  org.lwjgl.glfw.GLFW.glfwSwapBuffers(J)V+17
j  com.peachyseed.core.WindowManager.Init()V+235
j  com.peachyseed.core.EngineManager.Init()V+33
j  com.peachyseed.core.EngineManager.Start()V+1
j  com.peachyseed.test.Launcher.main([Ljava/lang/String;)V+38
v  ~StubRoutines::call_stub

siginfo: EXCEPTION_ACCESS_VIOLATION (0xc0000005), reading address 0x00000000000001f9


Register to memory mapping:

RIP=0x00007ffc940e1b65 glfw.dll
RAX=0x00007ffc94151b10 lwjgl.dll
RBX={method} {0x000001ea7e8e68e8} 'invokePV' '(JJ)V' in 'org/lwjgl/system/JNI'
RCX=0x0000000000000001 is an unknown value
RDX=0x0000008dd69ff4d0 is pointing into the stack for thread: 0x000001ea6c9f0760
RSP=0x0000008dd69ff428 is pointing into the stack for thread: 0x000001ea6c9f0760
RBP=0x0000008dd69ff4c0 is pointing into the stack for thread: 0x000001ea6c9f0760
RSI=0x0000000000000009 is an unknown value
RDI=0x000001ea00009512 is at code_begin+1138 in an Interpreter codelet
return entry points  [0x000001ea000090a0, 0x000001ea00009be0]  2880 bytes
R8 =0x0000000000000001 is an unknown value
R9 =0x00007ffc940e1b50 glfw.dll
R10=0x000001ea0000dba1 is at code_begin+961 in an Interpreter codelet
method entry point (kind = native)  [0x000001ea0000d7e0, 0x000001ea0000e180]  2464 bytes
R11=0x000000074bfb3bc0 is an oop: java.lang.Class 
{0x000000074bfb3bc0} - klass: 'java/lang/Class'
R12=0x0 is NULL
R13={method} {0x000001ea7e8e68e8} 'invokePV' '(JJ)V' in 'org/lwjgl/system/JNI'
R14=0x0000008dd69ff4f8 is pointing into the stack for thread: 0x000001ea6c9f0760
R15=0x000001ea6c9f0760 is a thread


Registers:
RAX=0x00007ffc94151b10, RBX=0x000001ea7e8e68e0, RCX=0x0000000000000001, RDX=0x0000008dd69ff4d0
RSP=0x0000008dd69ff428, RBP=0x0000008dd69ff4c0, RSI=0x0000000000000009, RDI=0x000001ea00009512
R8 =0x0000000000000001, R9 =0x00007ffc940e1b50, R10=0x000001ea0000dba1, R11=0x000000074bfb3bc0
R12=0x0000000000000000, R13=0x000001ea7e8e68e0, R14=0x0000008dd69ff4f8, R15=0x000001ea6c9f0760
RIP=0x00007ffc940e1b65, EFLAGS=0x0000000000010202

Top of Stack: (sp=0x0000008dd69ff428)
0x0000008dd69ff428:   000001ea0000dbcd 000001ea6c9f0760
0x0000008dd69ff438:   0000008dd69ff490 000001ea00009512
0x0000008dd69ff448:   00007ffc8c8c9139 3ff0000000000000
0x0000008dd69ff458:   000001ea6c9f0760 000001ea6c9f0760
0x0000008dd69ff468:   00007ffc8c8c9139 000001ea7e9235f8
0x0000008dd69ff478:   0000008dd69ff478 0000000000000000
0x0000008dd69ff488:   0000008dd69ff4f8 000001ea7e9100c8
0x0000008dd69ff498:   0000000000000000 000000074bfb3bc0
0x0000008dd69ff4a8:   000001ea7e8e68e0 0000000000000000
0x0000008dd69ff4b8:   0000008dd69ff4e0 0000008dd69ff548
0x0000008dd69ff4c8:   000001ea00009512 000000074bfb3bc0
0x0000008dd69ff4d8:   000001ea0000b2b8 00007ffc940e1b50
0x0000008dd69ff4e8:   0000000000000000 0000000000000001
0x0000008dd69ff4f8:   0000000000000000 0000008dd69ff500
0x0000008dd69ff508:   000001ea7e9235c9 0000008dd69ff570
0x0000008dd69ff518:   000001ea7e928000 0000000000000000 

Instructions: (pc=0x00007ffc940e1b65)
0x00007ffc940e1a65:   01 00 01 00 e8 f2 01 00 00 33 c0 48 83 c4 20 5b
0x00007ffc940e1a75:   c3 48 8d 0d 0f 6f 05 00 e8 2e 91 00 00 48 85 c0
0x00007ffc940e1a85:   75 19 48 8d 15 02 81 02 00 b9 02 00 01 00 e8 c8
0x00007ffc940e1a95:   01 00 00 33 c0 48 83 c4 20 5b c3 48 8b cb 48 83
0x00007ffc940e1aa5:   c4 20 5b 48 ff a0 60 02 00 00 cc 40 53 48 83 ec
0x00007ffc940e1ab5:   20 48 8b d9 48 8d 0d cc 6e 05 00 e8 eb 90 00 00
0x00007ffc940e1ac5:   83 3d 24 60 05 00 00 48 8b d0 75 11 33 d2 b9 01
0x00007ffc940e1ad5:   00 01 00 48 83 c4 20 5b e9 7e 01 00 00 48 85 db
0x00007ffc940e1ae5:   74 1f 83 bb f8 01 00 00 00 75 16 48 8d 15 09 7f
0x00007ffc940e1af5:   02 00 b9 0a 00 01 00 48 83 c4 20 5b e9 5a 01 00
0x00007ffc940e1b05:   00 48 85 d2 74 1b 48 85 db 74 0e 8b 80 fc 01 00
0x00007ffc940e1b15:   00 39 83 fc 01 00 00 74 08 33 c9 ff 92 40 02 00
0x00007ffc940e1b25:   00 48 85 db 74 12 48 8b cb 48 8b 83 40 02 00 00
0x00007ffc940e1b35:   48 83 c4 20 5b 48 ff e0 48 83 c4 20 5b c3 cc cc
0x00007ffc940e1b45:   cc cc cc cc cc cc cc cc cc cc cc 83 3d 99 5f 05
0x00007ffc940e1b55:   00 00 75 0c 33 d2 b9 01 00 01 00 e9 fb 00 00 00
0x00007ffc940e1b65:   83 b9 f8 01 00 00 00 75 11 48 8d 15 db 7e 02 00
0x00007ffc940e1b75:   b9 0a 00 01 00 e9 e1 00 00 00 48 ff a1 48 02 00
0x00007ffc940e1b85:   00 cc cc cc cc cc cc cc cc cc cc 40 53 48 83 ec
0x00007ffc940e1b95:   20 83 3d 53 5f 05 00 00 8b d9 75 11 33 d2 b9 01
0x00007ffc940e1ba5:   00 01 00 48 83 c4 20 5b e9 ae 00 00 00 48 8d 0d
0x00007ffc940e1bb5:   d3 6d 05 00 e8 f2 8f 00 00 48 85 c0 75 16 48 8d
0x00007ffc940e1bc5:   15 d6 7e 02 00 b9 02 00 01 00 48 83 c4 20 5b e9
0x00007ffc940e1bd5:   87 00 00 00 8b cb 48 83 c4 20 5b 48 ff a0 50 02
0x00007ffc940e1be5:   00 00 cc cc cc cc cc cc cc cc cc 48 89 54 24 10
0x00007ffc940e1bf5:   4c 89 44 24 18 4c 89 4c 24 20 53 56 57 48 83 ec
0x00007ffc940e1c05:   30 48 8b da 48 8d 74 24 60 48 8b f9 e8 ea f3 ff
0x00007ffc940e1c15:   ff 48 89 74 24 28 4c 8b cb 49 c7 c0 ff ff ff ff
0x00007ffc940e1c25:   48 c7 44 24 20 00 00 00 00 48 8b d7 48 8b 08 e8
0x00007ffc940e1c35:   57 6e 01 00 48 83 c4 30 5f 5e 5b c3 cc cc cc cc
0x00007ffc940e1c45:   cc cc cc cc cc cc cc cc cc cc cc 48 8d 05 c1 93
0x00007ffc940e1c55:   05 00 c3 cc cc cc cc cc cc cc cc 4c 8b dc 49 89 


Stack slot to memory mapping:
stack at sp + 0 slots: 0x000001ea0000dbcd is at code_begin+1005 in an Interpreter codelet
method entry point (kind = native)  [0x000001ea0000d7e0, 0x000001ea0000e180]  2464 bytes
stack at sp + 1 slots: 0x000001ea6c9f0760 is a thread
stack at sp + 2 slots: 0x0000008dd69ff490 is pointing into the stack for thread: 0x000001ea6c9f0760
stack at sp + 3 slots: 0x000001ea00009512 is at code_begin+1138 in an Interpreter codelet
return entry points  [0x000001ea000090a0, 0x000001ea00009be0]  2880 bytes
stack at sp + 4 slots: 0x00007ffc8c8c9139 jvm.dll
stack at sp + 5 slots: 0x3ff0000000000000 is an unknown value
stack at sp + 6 slots: 0x000001ea6c9f0760 is a thread
stack at sp + 7 slots: 0x000001ea6c9f0760 is a thread


---------------  P R O C E S S  ---------------

Threads class SMR info:
_java_thread_list=0x000001ea7ece1f70, length=12, elements={
0x000001ea6c9f0760, 0x000001ea7e04f700, 0x000001ea7e050d60, 0x000001ea7e06a320,
0x000001ea7e06d040, 0x000001ea7e070cb0, 0x000001ea7e070210, 0x000001ea7e07b080,
0x000001ea7e07bb70, 0x000001ea7e090db0, 0x000001ea7e06f770, 0x000001ea7e071200
}

Java Threads: ( => current thread )
=>0x000001ea6c9f0760 JavaThread "main" [_thread_in_native, id=9752, stack(0x0000008dd6900000,0x0000008dd6a00000)]
  0x000001ea7e04f700 JavaThread "Reference Handler" daemon [_thread_blocked, id=2300, stack(0x0000008dd7000000,0x0000008dd7100000)]
  0x000001ea7e050d60 JavaThread "Finalizer" daemon [_thread_blocked, id=19136, stack(0x0000008dd7100000,0x0000008dd7200000)]
  0x000001ea7e06a320 JavaThread "Signal Dispatcher" daemon [_thread_blocked, id=6096, stack(0x0000008dd7200000,0x0000008dd7300000)]
  0x000001ea7e06d040 JavaThread "Attach Listener" daemon [_thread_blocked, id=7260, stack(0x0000008dd7300000,0x0000008dd7400000)]
  0x000001ea7e070cb0 JavaThread "Service Thread" daemon [_thread_blocked, id=19688, stack(0x0000008dd7400000,0x0000008dd7500000)]
  0x000001ea7e070210 JavaThread "Monitor Deflation Thread" daemon [_thread_blocked, id=1392, stack(0x0000008dd7500000,0x0000008dd7600000)]
  0x000001ea7e07b080 JavaThread "C2 CompilerThread0" daemon [_thread_blocked, id=7336, stack(0x0000008dd7600000,0x0000008dd7700000)]
  0x000001ea7e07bb70 JavaThread "C1 CompilerThread0" daemon [_thread_blocked, id=19180, stack(0x0000008dd7700000,0x0000008dd7800000)]
  0x000001ea7e090db0 JavaThread "Sweeper thread" daemon [_thread_blocked, id=17780, stack(0x0000008dd7800000,0x0000008dd7900000)]
  0x000001ea7e06f770 JavaThread "Notification Thread" daemon [_thread_blocked, id=19984, stack(0x0000008dd7900000,0x0000008dd7a00000)]
  0x000001ea7e071200 JavaThread "Common-Cleaner" daemon [_thread_blocked, id=19564, stack(0x0000008dd7b00000,0x0000008dd7c00000)]

Other Threads:
  0x000001ea7e04c320 VMThread "VM Thread" [stack: 0x0000008dd6f00000,0x0000008dd7000000] [id=18104]
  0x000001ea7ecdc8e0 WatcherThread [stack: 0x0000008dd7a00000,0x0000008dd7b00000] [id=14412]
  0x000001ea6ca34f70 GCTaskThread "GC Thread#0" [stack: 0x0000008dd6a00000,0x0000008dd6b00000] [id=15252]
  0x000001ea6ca41f00 ConcurrentGCThread "G1 Main Marker" [stack: 0x0000008dd6b00000,0x0000008dd6c00000] [id=10976]
  0x000001ea6ca43110 ConcurrentGCThread "G1 Conc#0" [stack: 0x0000008dd6c00000,0x0000008dd6d00000] [id=5860]
  0x000001ea6cab4470 ConcurrentGCThread "G1 Refine#0" [stack: 0x0000008dd6d00000,0x0000008dd6e00000] [id=12832]
  0x000001ea7df100a0 ConcurrentGCThread "G1 Service" [stack: 0x0000008dd6e00000,0x0000008dd6f00000] [id=17336]

Threads with active compile tasks:

VM state: not at safepoint (normal execution)

VM Mutex/Monitor currently owned by a thread: None

Heap address: 0x0000000740a00000, size: 3062 MB, Compressed Oops mode: Zero based, Oop shift amount: 3
CDS archive(s) mapped at: [0x0000000800000000-0x0000000800bb0000-0x0000000800bb0000), size 12255232, SharedBaseAddress: 0x0000000800000000, ArchiveRelocationMode: 0.
Compressed class space mapped at: 0x0000000800c00000-0x0000000840c00000, reserved size: 1073741824
Narrow klass base: 0x0000000800000000, Narrow klass shift: 3, Narrow klass range: 0x100000000

GC Precious Log:
 CPUs: 8 total, 8 available
 Memory: 12247M
 Large Page Support: Disabled
 NUMA Support: Disabled
 Compressed Oops: Enabled (Zero based)
 Heap Region Size: 2M
 Heap Min Capacity: 8M
 Heap Initial Capacity: 192M
 Heap Max Capacity: 3062M
 Pre-touch: Disabled
 Parallel Workers: 8
 Concurrent Workers: 2
 Concurrent Refinement Workers: 8
 Periodic GC: Disabled

Heap:
 garbage-first heap   total 196608K, used 10240K [0x0000000740a00000, 0x0000000800000000)
  region size 2048K, 7 young (14336K), 0 survivors (0K)
 Metaspace       used 2778K, committed 2944K, reserved 1056768K
  class space    used 172K, committed 256K, reserved 1048576K

Heap Regions: E=young(eden), S=young(survivor), O=old, HS=humongous(starts), HC=humongous(continues), CS=collection set, F=free, OA=open archive, CA=closed archive, TAMS=top-at-mark-start (previous, next)
|   0|0x0000000740a00000, 0x0000000740a00000, 0x0000000740c00000|  0%| F|  |TAMS 0x0000000740a00000, 0x0000000740a00000| Untracked 
|   1|0x0000000740c00000, 0x0000000740c00000, 0x0000000740e00000|  0%| F|  |TAMS 0x0000000740c00000, 0x0000000740c00000| Untracked 
|   2|0x0000000740e00000, 0x0000000740e00000, 0x0000000741000000|  0%| F|  |TAMS 0x0000000740e00000, 0x0000000740e00000| Untracked 
|   3|0x0000000741000000, 0x0000000741000000, 0x0000000741200000|  0%| F|  |TAMS 0x0000000741000000, 0x0000000741000000| Untracked 
|   4|0x0000000741200000, 0x0000000741200000, 0x0000000741400000|  0%| F|  |TAMS 0x0000000741200000, 0x0000000741200000| Untracked 
|   5|0x0000000741400000, 0x0000000741400000, 0x0000000741600000|  0%| F|  |TAMS 0x0000000741400000, 0x0000000741400000| Untracked 
|   6|0x0000000741600000, 0x0000000741600000, 0x0000000741800000|  0%| F|  |TAMS 0x0000000741600000, 0x0000000741600000| Untracked 
|   7|0x0000000741800000, 0x0000000741800000, 0x0000000741a00000|  0%| F|  |TAMS 0x0000000741800000, 0x0000000741800000| Untracked 
|   8|0x0000000741a00000, 0x0000000741a00000, 0x0000000741c00000|  0%| F|  |TAMS 0x0000000741a00000, 0x0000000741a00000| Untracked 
|   9|0x0000000741c00000, 0x0000000741c00000, 0x0000000741e00000|  0%| F|  |TAMS 0x0000000741c00000, 0x0000000741c00000| Untracked 
|  10|0x0000000741e00000, 0x0000000741e00000, 0x0000000742000000|  0%| F|  |TAMS 0x0000000741e00000, 0x0000000741e00000| Untracked 
|  11|0x0000000742000000, 0x0000000742000000, 0x0000000742200000|  0%| F|  |TAMS 0x0000000742000000, 0x0000000742000000| Untracked 
|  12|0x0000000742200000, 0x0000000742200000, 0x0000000742400000|  0%| F|  |TAMS 0x0000000742200000, 0x0000000742200000| Untracked 
|  13|0x0000000742400000, 0x0000000742400000, 0x0000000742600000|  0%| F|  |TAMS 0x0000000742400000, 0x0000000742400000| Untracked 
|  14|0x0000000742600000, 0x0000000742600000, 0x0000000742800000|  0%| F|  |TAMS 0x0000000742600000, 0x0000000742600000| Untracked 
|  15|0x0000000742800000, 0x0000000742800000, 0x0000000742a00000|  0%| F|  |TAMS 0x0000000742800000, 0x0000000742800000| Untracked 
|  16|0x0000000742a00000, 0x0000000742a00000, 0x0000000742c00000|  0%| F|  |TAMS 0x0000000742a00000, 0x0000000742a00000| Untracked 
|  17|0x0000000742c00000, 0x0000000742c00000, 0x0000000742e00000|  0%| F|  |TAMS 0x0000000742c00000, 0x0000000742c00000| Untracked 
|  18|0x0000000742e00000, 0x0000000742e00000, 0x0000000743000000|  0%| F|  |TAMS 0x0000000742e00000, 0x0000000742e00000| Untracked 
|  19|0x0000000743000000, 0x0000000743000000, 0x0000000743200000|  0%| F|  |TAMS 0x0000000743000000, 0x0000000743000000| Untracked 
|  20|0x0000000743200000, 0x0000000743200000, 0x0000000743400000|  0%| F|  |TAMS 0x0000000743200000, 0x0000000743200000| Untracked 
|  21|0x0000000743400000, 0x0000000743400000, 0x0000000743600000|  0%| F|  |TAMS 0x0000000743400000, 0x0000000743400000| Untracked 
|  22|0x0000000743600000, 0x0000000743600000, 0x0000000743800000|  0%| F|  |TAMS 0x0000000743600000, 0x0000000743600000| Untracked 
|  23|0x0000000743800000, 0x0000000743800000, 0x0000000743a00000|  0%| F|  |TAMS 0x0000000743800000, 0x0000000743800000| Untracked 
|  24|0x0000000743a00000, 0x0000000743a00000, 0x0000000743c00000|  0%| F|  |TAMS 0x0000000743a00000, 0x0000000743a00000| Untracked 
|  25|0x0000000743c00000, 0x0000000743c00000, 0x0000000743e00000|  0%| F|  |TAMS 0x0000000743c00000, 0x0000000743c00000| Untracked 
|  26|0x0000000743e00000, 0x0000000743e00000, 0x0000000744000000|  0%| F|  |TAMS 0x0000000743e00000, 0x0000000743e00000| Untracked 
|  27|0x0000000744000000, 0x0000000744000000, 0x0000000744200000|  0%| F|  |TAMS 0x0000000744000000, 0x0000000744000000| Untracked 
|  28|0x0000000744200000, 0x0000000744200000, 0x0000000744400000|  0%| F|  |TAMS 0x0000000744200000, 0x0000000744200000| Untracked 
|  29|0x0000000744400000, 0x0000000744400000, 0x0000000744600000|  0%| F|  |TAMS 0x0000000744400000, 0x0000000744400000| Untracked 
|  30|0x0000000744600000, 0x0000000744600000, 0x0000000744800000|  0%| F|  |TAMS 0x0000000744600000, 0x0000000744600000| Untracked 
|  31|0x0000000744800000, 0x0000000744800000, 0x0000000744a00000|  0%| F|  |TAMS 0x0000000744800000, 0x0000000744800000| Untracked 
|  32|0x0000000744a00000, 0x0000000744a00000, 0x0000000744c00000|  0%| F|  |TAMS 0x0000000744a00000, 0x0000000744a00000| Untracked 
|  33|0x0000000744c00000, 0x0000000744c00000, 0x0000000744e00000|  0%| F|  |TAMS 0x0000000744c00000, 0x0000000744c00000| Untracked 
|  34|0x0000000744e00000, 0x0000000744e00000, 0x0000000745000000|  0%| F|  |TAMS 0x0000000744e00000, 0x0000000744e00000| Untracked 
|  35|0x0000000745000000, 0x0000000745000000, 0x0000000745200000|  0%| F|  |TAMS 0x0000000745000000, 0x0000000745000000| Untracked 
|  36|0x0000000745200000, 0x0000000745200000, 0x0000000745400000|  0%| F|  |TAMS 0x0000000745200000, 0x0000000745200000| Untracked 
|  37|0x0000000745400000, 0x0000000745400000, 0x0000000745600000|  0%| F|  |TAMS 0x0000000745400000, 0x0000000745400000| Untracked 
|  38|0x0000000745600000, 0x0000000745600000, 0x0000000745800000|  0%| F|  |TAMS 0x0000000745600000, 0x0000000745600000| Untracked 
|  39|0x0000000745800000, 0x0000000745800000, 0x0000000745a00000|  0%| F|  |TAMS 0x0000000745800000, 0x0000000745800000| Untracked 
|  40|0x0000000745a00000, 0x0000000745a00000, 0x0000000745c00000|  0%| F|  |TAMS 0x0000000745a00000, 0x0000000745a00000| Untracked 
|  41|0x0000000745c00000, 0x0000000745c00000, 0x0000000745e00000|  0%| F|  |TAMS 0x0000000745c00000, 0x0000000745c00000| Untracked 
|  42|0x0000000745e00000, 0x0000000745e00000, 0x0000000746000000|  0%| F|  |TAMS 0x0000000745e00000, 0x0000000745e00000| Untracked 
|  43|0x0000000746000000, 0x0000000746000000, 0x0000000746200000|  0%| F|  |TAMS 0x0000000746000000, 0x0000000746000000| Untracked 
|  44|0x0000000746200000, 0x0000000746200000, 0x0000000746400000|  0%| F|  |TAMS 0x0000000746200000, 0x0000000746200000| Untracked 
|  45|0x0000000746400000, 0x0000000746400000, 0x0000000746600000|  0%| F|  |TAMS 0x0000000746400000, 0x0000000746400000| Untracked 
|  46|0x0000000746600000, 0x0000000746600000, 0x0000000746800000|  0%| F|  |TAMS 0x0000000746600000, 0x0000000746600000| Untracked 
|  47|0x0000000746800000, 0x0000000746800000, 0x0000000746a00000|  0%| F|  |TAMS 0x0000000746800000, 0x0000000746800000| Untracked 
|  48|0x0000000746a00000, 0x0000000746a00000, 0x0000000746c00000|  0%| F|  |TAMS 0x0000000746a00000, 0x0000000746a00000| Untracked 
|  49|0x0000000746c00000, 0x0000000746c00000, 0x0000000746e00000|  0%| F|  |TAMS 0x0000000746c00000, 0x0000000746c00000| Untracked 
|  50|0x0000000746e00000, 0x0000000746e00000, 0x0000000747000000|  0%| F|  |TAMS 0x0000000746e00000, 0x0000000746e00000| Untracked 
|  51|0x0000000747000000, 0x0000000747000000, 0x0000000747200000|  0%| F|  |TAMS 0x0000000747000000, 0x0000000747000000| Untracked 
|  52|0x0000000747200000, 0x0000000747200000, 0x0000000747400000|  0%| F|  |TAMS 0x0000000747200000, 0x0000000747200000| Untracked 
|  53|0x0000000747400000, 0x0000000747400000, 0x0000000747600000|  0%| F|  |TAMS 0x0000000747400000, 0x0000000747400000| Untracked 
|  54|0x0000000747600000, 0x0000000747600000, 0x0000000747800000|  0%| F|  |TAMS 0x0000000747600000, 0x0000000747600000| Untracked 
|  55|0x0000000747800000, 0x0000000747800000, 0x0000000747a00000|  0%| F|  |TAMS 0x0000000747800000, 0x0000000747800000| Untracked 
|  56|0x0000000747a00000, 0x0000000747a00000, 0x0000000747c00000|  0%| F|  |TAMS 0x0000000747a00000, 0x0000000747a00000| Untracked 
|  57|0x0000000747c00000, 0x0000000747c00000, 0x0000000747e00000|  0%| F|  |TAMS 0x0000000747c00000, 0x0000000747c00000| Untracked 
|  58|0x0000000747e00000, 0x0000000747e00000, 0x0000000748000000|  0%| F|  |TAMS 0x0000000747e00000, 0x0000000747e00000| Untracked 
|  59|0x0000000748000000, 0x0000000748000000, 0x0000000748200000|  0%| F|  |TAMS 0x0000000748000000, 0x0000000748000000| Untracked 
|  60|0x0000000748200000, 0x0000000748200000, 0x0000000748400000|  0%| F|  |TAMS 0x0000000748200000, 0x0000000748200000| Untracked 
|  61|0x0000000748400000, 0x0000000748400000, 0x0000000748600000|  0%| F|  |TAMS 0x0000000748400000, 0x0000000748400000| Untracked 
|  62|0x0000000748600000, 0x0000000748600000, 0x0000000748800000|  0%| F|  |TAMS 0x0000000748600000, 0x0000000748600000| Untracked 
|  63|0x0000000748800000, 0x0000000748800000, 0x0000000748a00000|  0%| F|  |TAMS 0x0000000748800000, 0x0000000748800000| Untracked 
|  64|0x0000000748a00000, 0x0000000748a00000, 0x0000000748c00000|  0%| F|  |TAMS 0x0000000748a00000, 0x0000000748a00000| Untracked 
|  65|0x0000000748c00000, 0x0000000748c00000, 0x0000000748e00000|  0%| F|  |TAMS 0x0000000748c00000, 0x0000000748c00000| Untracked 
|  66|0x0000000748e00000, 0x0000000748e00000, 0x0000000749000000|  0%| F|  |TAMS 0x0000000748e00000, 0x0000000748e00000| Untracked 
|  67|0x0000000749000000, 0x0000000749000000, 0x0000000749200000|  0%| F|  |TAMS 0x0000000749000000, 0x0000000749000000| Untracked 
|  68|0x0000000749200000, 0x0000000749200000, 0x0000000749400000|  0%| F|  |TAMS 0x0000000749200000, 0x0000000749200000| Untracked 
|  69|0x0000000749400000, 0x0000000749400000, 0x0000000749600000|  0%| F|  |TAMS 0x0000000749400000, 0x0000000749400000| Untracked 
|  70|0x0000000749600000, 0x0000000749600000, 0x0000000749800000|  0%| F|  |TAMS 0x0000000749600000, 0x0000000749600000| Untracked 
|  71|0x0000000749800000, 0x0000000749800000, 0x0000000749a00000|  0%| F|  |TAMS 0x0000000749800000, 0x0000000749800000| Untracked 
|  72|0x0000000749a00000, 0x0000000749a00000, 0x0000000749c00000|  0%| F|  |TAMS 0x0000000749a00000, 0x0000000749a00000| Untracked 
|  73|0x0000000749c00000, 0x0000000749c00000, 0x0000000749e00000|  0%| F|  |TAMS 0x0000000749c00000, 0x0000000749c00000| Untracked 
|  74|0x0000000749e00000, 0x0000000749e00000, 0x000000074a000000|  0%| F|  |TAMS 0x0000000749e00000, 0x0000000749e00000| Untracked 
|  75|0x000000074a000000, 0x000000074a000000, 0x000000074a200000|  0%| F|  |TAMS 0x000000074a000000, 0x000000074a000000| Untracked 
|  76|0x000000074a200000, 0x000000074a200000, 0x000000074a400000|  0%| F|  |TAMS 0x000000074a200000, 0x000000074a200000| Untracked 
|  77|0x000000074a400000, 0x000000074a400000, 0x000000074a600000|  0%| F|  |TAMS 0x000000074a400000, 0x000000074a400000| Untracked 
|  78|0x000000074a600000, 0x000000074a600000, 0x000000074a800000|  0%| F|  |TAMS 0x000000074a600000, 0x000000074a600000| Untracked 
|  79|0x000000074a800000, 0x000000074a800000, 0x000000074aa00000|  0%| F|  |TAMS 0x000000074a800000, 0x000000074a800000| Untracked 
|  80|0x000000074aa00000, 0x000000074aa00000, 0x000000074ac00000|  0%| F|  |TAMS 0x000000074aa00000, 0x000000074aa00000| Untracked 
|  81|0x000000074ac00000, 0x000000074ac00000, 0x000000074ae00000|  0%| F|  |TAMS 0x000000074ac00000, 0x000000074ac00000| Untracked 
|  82|0x000000074ae00000, 0x000000074ae00000, 0x000000074b000000|  0%| F|  |TAMS 0x000000074ae00000, 0x000000074ae00000| Untracked 
|  83|0x000000074b000000, 0x000000074b000000, 0x000000074b200000|  0%| F|  |TAMS 0x000000074b000000, 0x000000074b000000| Untracked 
|  84|0x000000074b200000, 0x000000074b200000, 0x000000074b400000|  0%| F|  |TAMS 0x000000074b200000, 0x000000074b200000| Untracked 
|  85|0x000000074b400000, 0x000000074b400000, 0x000000074b600000|  0%| F|  |TAMS 0x000000074b400000, 0x000000074b400000| Untracked 
|  86|0x000000074b600000, 0x000000074b600000, 0x000000074b800000|  0%| F|  |TAMS 0x000000074b600000, 0x000000074b600000| Untracked 
|  87|0x000000074b800000, 0x000000074b800000, 0x000000074ba00000|  0%| F|  |TAMS 0x000000074b800000, 0x000000074b800000| Untracked 
|  88|0x000000074ba00000, 0x000000074ba00000, 0x000000074bc00000|  0%| F|  |TAMS 0x000000074ba00000, 0x000000074ba00000| Untracked 
|  89|0x000000074bc00000, 0x000000074bce1d30, 0x000000074be00000| 44%| E|  |TAMS 0x000000074bc00000, 0x000000074bc00000| Complete 
|  90|0x000000074be00000, 0x000000074c000000, 0x000000074c000000|100%| E|CS|TAMS 0x000000074be00000, 0x000000074be00000| Complete 
|  91|0x000000074c000000, 0x000000074c200000, 0x000000074c200000|100%| E|CS|TAMS 0x000000074c000000, 0x000000074c000000| Complete 
|  92|0x000000074c200000, 0x000000074c400000, 0x000000074c400000|100%| E|CS|TAMS 0x000000074c200000, 0x000000074c200000| Complete 
|  93|0x000000074c400000, 0x000000074c600000, 0x000000074c600000|100%| E|CS|TAMS 0x000000074c400000, 0x000000074c400000| Complete 
|  94|0x000000074c600000, 0x000000074c800000, 0x000000074c800000|100%| E|CS|TAMS 0x000000074c600000, 0x000000074c600000| Complete 
|  95|0x000000074c800000, 0x000000074ca00000, 0x000000074ca00000|100%| E|  |TAMS 0x000000074c800000, 0x000000074c800000| Complete 

Card table byte_map: [0x000001ea74a90000,0x000001ea75090000] _byte_map_base: 0x000001ea7108b000

Marking Bits (Prev, Next): (CMBitMap*) 0x000001ea6ca355e0, (CMBitMap*) 0x000001ea6ca35620
 Prev Bits: [0x000001ea75690000, 0x000001ea78668000)
 Next Bits: [0x000001ea78670000, 0x000001ea7b648000)

Polling page: 0x000001ea6a940000

Metaspace:

Usage:
  Non-class:      2.55 MB used.
      Class:    172.61 KB used.
       Both:      2.71 MB used.

Virtual space:
  Non-class space:        8.00 MB reserved,       2.62 MB ( 33%) committed,  1 nodes.
      Class space:        1.00 GB reserved,     256.00 KB ( <1%) committed,  1 nodes.
              Both:        1.01 GB reserved,       2.88 MB ( <1%) committed. 

Chunk freelists:
   Non-Class:  2.78 MB
       Class:  3.66 MB
        Both:  6.44 MB

MaxMetaspaceSize: 17179869184.00 GB
CompressedClassSpaceSize: 1.00 GB
 - commit_granule_bytes: 65536.
 - commit_granule_words: 8192.
 - virtual_space_node_default_size: 1048576.
 - enlarge_chunks_in_place: 1.
 - new_chunks_are_fully_committed: 0.
 - uncommit_free_chunks: 1.
 - use_allocation_guard: 0.
 - handle_deallocations: 1.


Internal statistics:

num_allocs_failed_limit: 0.
num_arena_births: 44.
num_arena_deaths: 0.
num_vsnodes_births: 2.
num_vsnodes_deaths: 0.
num_space_committed: 46.
num_space_uncommitted: 0.
num_chunks_returned_to_freelist: 0.
num_chunks_taken_from_freelist: 106.
num_chunk_merges: 0.
num_chunk_splits: 67.
num_chunks_enlarged: 51.
num_purges: 0.

CodeHeap 'non-profiled nmethods': size=120000Kb used=231Kb max_used=231Kb free=119768Kb
 bounds [0x000001ea07ad0000, 0x000001ea07d40000, 0x000001ea0f000000]
CodeHeap 'profiled nmethods': size=120000Kb used=1171Kb max_used=1171Kb free=118828Kb
 bounds [0x000001ea005a0000, 0x000001ea00810000, 0x000001ea07ad0000]
CodeHeap 'non-nmethods': size=5760Kb used=1519Kb max_used=1535Kb free=4240Kb
 bounds [0x000001ea00000000, 0x000001ea00270000, 0x000001ea005a0000]
 total_blobs=1583 nmethods=665 adapters=832
 compilation: enabled
              stopped_count=0, restarted_count=0
 full_count=0

Compilation events (20 events):
Event: 1.171 Thread 0x000001ea7e07bb70  657       3       java.util.Arrays::equals (57 bytes)
Event: 1.171 Thread 0x000001ea7e07bb70 nmethod 657 0x000001ea006bf810 code [0x000001ea006bfa00, 0x000001ea006bffe8]
Event: 1.171 Thread 0x000001ea7e07bb70  658       3       java.util.WeakHashMap::remove (131 bytes)
Event: 1.171 Thread 0x000001ea7e07b080 nmethod 659 0x000001ea07b08210 code [0x000001ea07b083a0, 0x000001ea07b08498]
Event: 1.172 Thread 0x000001ea7e07bb70 nmethod 658 0x000001ea006c0190 code [0x000001ea006c03e0, 0x000001ea006c0f98]
Event: 1.172 Thread 0x000001ea7e07bb70  654       3       jdk.internal.org.objectweb.asm.ClassReader::readUnsignedShort (26 bytes)
Event: 1.172 Thread 0x000001ea7e07bb70 nmethod 654 0x000001ea006c1390 code [0x000001ea006c1540, 0x000001ea006c16b8]
Event: 1.172 Thread 0x000001ea7e07bb70  653       3       jdk.internal.org.objectweb.asm.ByteVector::put122 (93 bytes)
Event: 1.172 Thread 0x000001ea7e07bb70 nmethod 653 0x000001ea006c1790 code [0x000001ea006c1940, 0x000001ea006c1bc8]
Event: 1.172 Thread 0x000001ea7e07bb70  661   !   3       jdk.internal.loader.URLClassPath$JarLoader$1::run (175 bytes)
Event: 1.172 Thread 0x000001ea7e07b080  665   !   4       java.util.zip.ZipFile::getEntry (59 bytes)
Event: 1.173 Thread 0x000001ea7e07bb70 nmethod 661 0x000001ea006c1d90 code [0x000001ea006c1fe0, 0x000001ea006c2858]
Event: 1.173 Thread 0x000001ea7e07bb70  660       3       jdk.internal.loader.URLClassPath$JarLoader$1::run (5 bytes)
Event: 1.173 Thread 0x000001ea7e07bb70 nmethod 660 0x000001ea006c2d10 code [0x000001ea006c2ec0, 0x000001ea006c3008]
Event: 1.173 Thread 0x000001ea7e07bb70  662       3       jdk.internal.loader.URLClassPath$JarLoader::getJarFile (102 bytes)
Event: 1.174 Thread 0x000001ea7e07bb70 nmethod 662 0x000001ea006c3090 code [0x000001ea006c3360, 0x000001ea006c40c8]
Event: 1.174 Thread 0x000001ea7e07bb70  663       3       jdk.internal.loader.URLClassPath$JarLoader::isOptimizable (10 bytes)
Event: 1.174 Thread 0x000001ea7e07bb70 nmethod 663 0x000001ea006c4510 code [0x000001ea006c46c0, 0x000001ea006c4828]
Event: 1.174 Thread 0x000001ea7e07bb70  664       3       jdk.internal.loader.FileURLMapper::<init> (10 bytes)
Event: 1.174 Thread 0x000001ea7e07bb70 nmethod 664 0x000001ea006c4910 code [0x000001ea006c4ac0, 0x000001ea006c4c78]

GC Heap History (0 events):
No events

Deoptimization events (20 events):
Event: 0.475 Thread 0x000001ea6c9f0760 DEOPT PACKING pc=0x000001ea07adc8c0 sp=0x0000008dd69fbbd0
Event: 0.475 Thread 0x000001ea6c9f0760 DEOPT UNPACKING pc=0x000001ea0004d728 sp=0x0000008dd69fbb58 mode 2
Event: 0.506 Thread 0x000001ea6c9f0760 DEOPT PACKING pc=0x000001ea006480e5 sp=0x0000008dd69fb8e0
Event: 0.506 Thread 0x000001ea6c9f0760 DEOPT UNPACKING pc=0x000001ea0004deaf sp=0x0000008dd69fad30 mode 0
Event: 0.511 Thread 0x000001ea6c9f0760 DEOPT PACKING pc=0x000001ea0060025b sp=0x0000008dd69fcbe0
Event: 0.511 Thread 0x000001ea6c9f0760 DEOPT UNPACKING pc=0x000001ea0004deaf sp=0x0000008dd69fc100 mode 0
Event: 0.514 Thread 0x000001ea6c9f0760 DEOPT PACKING pc=0x000001ea006480e5 sp=0x0000008dd69fcd90
Event: 0.514 Thread 0x000001ea6c9f0760 DEOPT UNPACKING pc=0x000001ea0004deaf sp=0x0000008dd69fc1e0 mode 0
Event: 0.520 Thread 0x000001ea6c9f0760 DEOPT PACKING pc=0x000001ea006480e5 sp=0x0000008dd69fd530
Event: 0.520 Thread 0x000001ea6c9f0760 DEOPT UNPACKING pc=0x000001ea0004deaf sp=0x0000008dd69fc980 mode 0
Event: 0.526 Thread 0x000001ea6c9f0760 DEOPT PACKING pc=0x000001ea0060025b sp=0x0000008dd69fd2f0
Event: 0.526 Thread 0x000001ea6c9f0760 DEOPT UNPACKING pc=0x000001ea0004deaf sp=0x0000008dd69fc810 mode 0
Event: 0.537 Thread 0x000001ea6c9f0760 Uncommon trap: trap_request=0xffffffde fr.pc=0x000001ea07af5054 relative=0x0000000000000394
Event: 0.537 Thread 0x000001ea6c9f0760 Uncommon trap: reason=class_check action=maybe_recompile pc=0x000001ea07af5054 method=java.util.HashMap.getNode(Ljava/lang/Object;)Ljava/util/HashMap$Node; @ 63 c2
Event: 0.537 Thread 0x000001ea6c9f0760 DEOPT PACKING pc=0x000001ea07af5054 sp=0x0000008dd69fbd10
Event: 0.537 Thread 0x000001ea6c9f0760 DEOPT UNPACKING pc=0x000001ea0004d728 sp=0x0000008dd69fbc28 mode 2
Event: 0.575 Thread 0x000001ea6c9f0760 Uncommon trap: trap_request=0xffffffde fr.pc=0x000001ea07af5054 relative=0x0000000000000394
Event: 0.575 Thread 0x000001ea6c9f0760 Uncommon trap: reason=class_check action=maybe_recompile pc=0x000001ea07af5054 method=java.util.HashMap.getNode(Ljava/lang/Object;)Ljava/util/HashMap$Node; @ 63 c2
Event: 0.575 Thread 0x000001ea6c9f0760 DEOPT PACKING pc=0x000001ea07af5054 sp=0x0000008dd69fe0f0
Event: 0.575 Thread 0x000001ea6c9f0760 DEOPT UNPACKING pc=0x000001ea0004d728 sp=0x0000008dd69fe008 mode 2

Classes unloaded (0 events):
No events

Classes redefined (0 events):
No events

Internal exceptions (13 events):
Event: 0.367 Thread 0x000001ea6c9f0760 Exception <a 'java/lang/NoSuchMethodError'{0x000000074c381030}: 'java.lang.Object java.lang.invoke.DirectMethodHandle$Holder.invokeStatic(java.lang.Object)'> (0x000000074c381030) 
thrown [t:\workspace\open\src\hotspot\share\interpreter\linkResolver.cpp, line 790]
Event: 0.367 Thread 0x000001ea6c9f0760 Exception <a 'java/lang/NoSuchMethodError'{0x000000074c384860}: 'java.lang.Object java.lang.invoke.DirectMethodHandle$Holder.invokeStaticInit(java.lang.Object)'> (0x000000074c384860) 
thrown [t:\workspace\open\src\hotspot\share\interpreter\linkResolver.cpp, line 790]
Event: 0.384 Thread 0x000001ea6c9f0760 Exception <a 'java/lang/NoSuchMethodError'{0x000000074c010f20}: 'void java.lang.invoke.DirectMethodHandle$Holder.invokeStatic(java.lang.Object, java.lang.Object)'> (0x000000074c010f20) 
thrown [t:\workspace\open\src\hotspot\share\interpreter\linkResolver.cpp, line 790]
Event: 0.385 Thread 0x000001ea6c9f0760 Exception <a 'java/lang/NoSuchMethodError'{0x000000074c016888}: 'void java.lang.invoke.DirectMethodHandle$Holder.invokeSpecial(java.lang.Object, java.lang.Object, java.lang.Object)'> (0x000000074c016888) 
thrown [t:\workspace\open\src\hotspot\share\interpreter\linkResolver.cpp, line 790]
Event: 0.389 Thread 0x000001ea6c9f0760 Exception <a 'java/lang/NoSuchMethodError'{0x000000074c02b4a8}: 'java.lang.Object java.lang.invoke.DirectMethodHandle$Holder.invokeStatic(java.lang.Object, java.lang.Object, int)'> (0x000000074c02b4a8) 
thrown [t:\workspace\open\src\hotspot\share\interpreter\linkResolver.cpp, line 790]
Event: 0.391 Thread 0x000001ea6c9f0760 Exception <a 'java/lang/NoSuchMethodError'{0x000000074c037650}: 'void java.lang.invoke.DelegatingMethodHandle$Holder.delegate(java.lang.Object, java.lang.Object, int, java.lang.Object)'> (0x000000074c037650) 
thrown [t:\workspace\open\src\hotspot\share\interpreter\linkResolver.cpp, line 790]
Event: 0.392 Thread 0x000001ea6c9f0760 Exception <a 'java/lang/NoSuchMethodError'{0x000000074c03b9a8}: 'int java.lang.invoke.DirectMethodHandle$Holder.invokeSpecial(java.lang.Object, java.lang.Object, java.lang.Object)'> (0x000000074c03b9a8) 
thrown [t:\workspace\open\src\hotspot\share\interpreter\linkResolver.cpp, line 790]
Event: 0.475 Thread 0x000001ea6c9f0760 Exception <a 'sun/nio/fs/WindowsException'{0x000000074c19dd08}> (0x000000074c19dd08) 
thrown [t:\workspace\open\src\hotspot\share\prims\jni.cpp, line 579]
Event: 0.475 Thread 0x000001ea6c9f0760 Exception <a 'sun/nio/fs/WindowsException'{0x000000074c19e260}> (0x000000074c19e260) 
thrown [t:\workspace\open\src\hotspot\share\prims\jni.cpp, line 579]
Event: 0.543 Thread 0x000001ea6c9f0760 Exception <a 'sun/nio/fs/WindowsException'{0x000000074bf42248}> (0x000000074bf42248) 
thrown [t:\workspace\open\src\hotspot\share\prims\jni.cpp, line 579]
Event: 0.543 Thread 0x000001ea6c9f0760 Exception <a 'sun/nio/fs/WindowsException'{0x000000074bf425e8}> (0x000000074bf425e8) 
thrown [t:\workspace\open\src\hotspot\share\prims\jni.cpp, line 579]
Event: 0.581 Thread 0x000001ea6c9f0760 Exception <a 'sun/nio/fs/WindowsException'{0x000000074bc28b30}> (0x000000074bc28b30) 
thrown [t:\workspace\open\src\hotspot\share\prims\jni.cpp, line 579]
Event: 0.581 Thread 0x000001ea6c9f0760 Exception <a 'sun/nio/fs/WindowsException'{0x000000074bc28ea0}> (0x000000074bc28ea0) 
thrown [t:\workspace\open\src\hotspot\share\prims\jni.cpp, line 579]

Events (20 events):
Event: 0.504 loading class jdk/internal/module/IllegalAccessLogger done
Event: 0.505 loading class jdk/internal/reflect/UnsafeFieldAccessorFactory
Event: 0.505 loading class jdk/internal/reflect/UnsafeFieldAccessorFactory done
Event: 0.505 loading class jdk/internal/reflect/UnsafeQualifiedStaticObjectFieldAccessorImpl
Event: 0.505 loading class jdk/internal/reflect/UnsafeQualifiedStaticFieldAccessorImpl
Event: 0.505 loading class jdk/internal/reflect/UnsafeQualifiedStaticFieldAccessorImpl done
Event: 0.505 loading class jdk/internal/reflect/UnsafeQualifiedStaticObjectFieldAccessorImpl done
Event: 0.510 loading class java/nio/BufferOverflowException
Event: 0.510 loading class java/nio/BufferOverflowException done
Event: 0.510 loading class java/nio/InvalidMarkException
Event: 0.510 loading class java/nio/InvalidMarkException done
Event: 0.510 loading class java/nio/BufferUnderflowException
Event: 0.510 loading class java/nio/BufferUnderflowException done
Event: 0.535 loading class jdk/internal/misc/ScopedMemoryAccess$Scope
Event: 0.535 loading class jdk/internal/misc/ScopedMemoryAccess$Scope done
Event: 0.545 loading class java/lang/NoSuchFieldError
Event: 0.545 loading class java/lang/NoSuchFieldError done
Event: 0.584 loading class jdk/internal/reflect/UnsafeQualifiedStaticIntegerFieldAccessorImpl
Event: 0.584 loading class jdk/internal/reflect/UnsafeQualifiedStaticIntegerFieldAccessorImpl done
Event: 0.967 Thread 0x000001ea7f02b760 Thread exited: 0x000001ea7f02b760


Dynamic libraries:
0x00007ff73ced0000 - 0x00007ff73cede000 	C:\Users\levyo\.jdks\openjdk-16\bin\java.exe
0x00007ffcdf6f0000 - 0x00007ffcdf8e8000 	C:\WINDOWS\SYSTEM32\ntdll.dll
0x00007ffcdf450000 - 0x00007ffcdf50f000 	C:\WINDOWS\System32\KERNEL32.DLL
0x00007ffcdcdf0000 - 0x00007ffcdd0c2000 	C:\WINDOWS\System32\KERNELBASE.dll
0x00007ffcdd5b0000 - 0x00007ffcdd6b0000 	C:\WINDOWS\System32\ucrtbase.dll
0x00007ffcc2240000 - 0x00007ffcc2259000 	C:\Users\levyo\.jdks\openjdk-16\bin\VCRUNTIME140.dll
0x00007ffcb2920000 - 0x00007ffcb2938000 	C:\Users\levyo\.jdks\openjdk-16\bin\jli.dll
0x00007ffcde370000 - 0x00007ffcde50d000 	C:\WINDOWS\System32\USER32.dll
0x00007ffcd2210000 - 0x00007ffcd24aa000 	C:\WINDOWS\WinSxS\amd64_microsoft.windows.common-controls_6595b64144ccf1df_6.0.19041.1110_none_60b5254171f9507e\COMCTL32.dll
0x00007ffcdd580000 - 0x00007ffcdd5a2000 	C:\WINDOWS\System32\win32u.dll
0x00007ffcdf3b0000 - 0x00007ffcdf44e000 	C:\WINDOWS\System32\msvcrt.dll
0x00007ffcde2d0000 - 0x00007ffcde2fb000 	C:\WINDOWS\System32\GDI32.dll
0x00007ffcdd340000 - 0x00007ffcdd44f000 	C:\WINDOWS\System32\gdi32full.dll
0x00007ffcdd2a0000 - 0x00007ffcdd33d000 	C:\WINDOWS\System32\msvcp_win.dll
0x00007ffcde680000 - 0x00007ffcde6b2000 	C:\WINDOWS\System32\IMM32.DLL
0x00007ffcc83a0000 - 0x00007ffcc83ac000 	C:\Users\levyo\.jdks\openjdk-16\bin\vcruntime140_1.dll
0x00007ffcb2880000 - 0x00007ffcb2911000 	C:\Users\levyo\.jdks\openjdk-16\bin\msvcp140.dll
0x00007ffc8c2b0000 - 0x00007ffc8ce5b000 	C:\Users\levyo\.jdks\openjdk-16\bin\server\jvm.dll
0x00007ffcddbb0000 - 0x00007ffcddc5e000 	C:\WINDOWS\System32\ADVAPI32.dll
0x00007ffcdf600000 - 0x00007ffcdf69c000 	C:\WINDOWS\System32\sechost.dll
0x00007ffcde190000 - 0x00007ffcde2b5000 	C:\WINDOWS\System32\RPCRT4.dll
0x00007ffcdf6a0000 - 0x00007ffcdf6a8000 	C:\WINDOWS\System32\PSAPI.DLL
0x00007ffcd66a0000 - 0x00007ffcd66aa000 	C:\WINDOWS\SYSTEM32\VERSION.dll
0x00007ffcceda0000 - 0x00007ffccedc7000 	C:\WINDOWS\SYSTEM32\WINMM.dll
0x00007ffcda3a0000 - 0x00007ffcda3a9000 	C:\WINDOWS\SYSTEM32\WSOCK32.dll
0x00007ffcde300000 - 0x00007ffcde36b000 	C:\WINDOWS\System32\WS2_32.dll
0x00007ffcdb630000 - 0x00007ffcdb642000 	C:\WINDOWS\SYSTEM32\kernel.appcore.dll
0x00007ffcc8080000 - 0x00007ffcc808a000 	C:\Users\levyo\.jdks\openjdk-16\bin\jimage.dll
0x00007ffcdac80000 - 0x00007ffcdae64000 	C:\WINDOWS\SYSTEM32\DBGHELP.DLL
0x00007ffcc80e0000 - 0x00007ffcc810c000 	C:\WINDOWS\SYSTEM32\dbgcore.DLL
0x00007ffcdd6b0000 - 0x00007ffcdd732000 	C:\WINDOWS\System32\bcryptPrimitives.dll
0x00007ffcb2850000 - 0x00007ffcb2875000 	C:\Users\levyo\.jdks\openjdk-16\bin\java.dll
0x00007ffcdec60000 - 0x00007ffcdf3a3000 	C:\WINDOWS\System32\SHELL32.dll
0x00007ffcdae90000 - 0x00007ffcdb622000 	C:\WINDOWS\SYSTEM32\windows.storage.dll
0x00007ffcdd740000 - 0x00007ffcdda94000 	C:\WINDOWS\System32\combase.dll
0x00007ffcdc770000 - 0x00007ffcdc7a0000 	C:\WINDOWS\SYSTEM32\Wldp.dll
0x00007ffcde070000 - 0x00007ffcde11d000 	C:\WINDOWS\System32\SHCORE.dll
0x00007ffcddaa0000 - 0x00007ffcddaf5000 	C:\WINDOWS\System32\shlwapi.dll
0x00007ffcdcd30000 - 0x00007ffcdcd4f000 	C:\WINDOWS\SYSTEM32\profapi.dll
0x00007ffcabca0000 - 0x00007ffcabcb9000 	C:\Users\levyo\.jdks\openjdk-16\bin\net.dll
0x00007ffcd6740000 - 0x00007ffcd684c000 	C:\WINDOWS\SYSTEM32\WINHTTP.dll
0x00007ffcdc4d0000 - 0x00007ffcdc53a000 	C:\WINDOWS\system32\mswsock.dll
0x00007ffc99630000 - 0x00007ffc99643000 	C:\Users\levyo\.jdks\openjdk-16\bin\nio.dll
0x00007ffc99610000 - 0x00007ffc99628000 	C:\Users\levyo\.jdks\openjdk-16\bin\zip.dll
0x00007ffcc2f00000 - 0x00007ffcc2f10000 	C:\Users\levyo\.jdks\openjdk-16\bin\verify.dll
0x00007ffc94150000 - 0x00007ffc941b4000 	C:\Users\levyo\AppData\Local\Temp\lwjgllevyo\3.2.3-build-13\lwjgl.dll
0x00007ffc90c70000 - 0x00007ffc90ec3000 	C:\Users\levyo\AppData\Local\Temp\lwjgllevyo\3.2.3-build-13\jemalloc.dll
0x00007ffc940e0000 - 0x00007ffc94142000 	C:\Users\levyo\AppData\Local\Temp\lwjgllevyo\3.2.3-build-13\glfw.dll
0x00007ffcda530000 - 0x00007ffcda5ce000 	C:\WINDOWS\system32\uxtheme.dll
0x00007ffc994b0000 - 0x00007ffc994f5000 	C:\WINDOWS\SYSTEM32\dinput8.dll
0x00007ffc9a410000 - 0x00007ffc9a421000 	C:\WINDOWS\SYSTEM32\xinput1_4.dll
0x00007ffcdd480000 - 0x00007ffcdd4ce000 	C:\WINDOWS\System32\cfgmgr32.dll
0x00007ffcdcac0000 - 0x00007ffcdcaec000 	C:\WINDOWS\SYSTEM32\DEVOBJ.dll
0x00007ffcda8d0000 - 0x00007ffcda8ff000 	C:\WINDOWS\SYSTEM32\dwmapi.dll
0x00007ffcba840000 - 0x00007ffcba992000 	C:\WINDOWS\SYSTEM32\inputhost.dll
0x00007ffcde510000 - 0x00007ffcde5dd000 	C:\WINDOWS\System32\OLEAUT32.dll
0x00007ffcda1f0000 - 0x00007ffcda2e2000 	C:\WINDOWS\SYSTEM32\CoreMessaging.dll
0x00007ffcd86a0000 - 0x00007ffcd8796000 	C:\WINDOWS\SYSTEM32\PROPSYS.dll
0x00007ffcd9d30000 - 0x00007ffcd9e84000 	C:\WINDOWS\SYSTEM32\wintypes.dll
0x00007ffcd9e90000 - 0x00007ffcda1ee000 	C:\WINDOWS\SYSTEM32\CoreUIComponents.dll
0x00007ffcdbf30000 - 0x00007ffcdbf63000 	C:\WINDOWS\SYSTEM32\ntmarta.dll
0x00007ffcddc60000 - 0x00007ffcddd75000 	C:\WINDOWS\System32\MSCTF.dll
0x00007ffcdb650000 - 0x00007ffcdb65d000 	C:\WINDOWS\SYSTEM32\HID.DLL
0x00007ffcde7f0000 - 0x00007ffcdec58000 	C:\WINDOWS\System32\SETUPAPI.DLL
0x00007ffcdd450000 - 0x00007ffcdd477000 	C:\WINDOWS\System32\bcrypt.dll
0x00007ffcdd230000 - 0x00007ffcdd29a000 	C:\WINDOWS\System32\WINTRUST.dll
0x00007ffcdd0d0000 - 0x00007ffcdd226000 	C:\WINDOWS\System32\CRYPT32.dll
0x00007ffcdc900000 - 0x00007ffcdc912000 	C:\WINDOWS\SYSTEM32\MSASN1.dll
0x00007ffc93ba0000 - 0x00007ffc93cc5000 	C:\WINDOWS\SYSTEM32\opengl32.dll
0x00007ffcd6340000 - 0x00007ffcd636c000 	C:\WINDOWS\SYSTEM32\GLU32.dll
0x00007ffcddb00000 - 0x00007ffcddbaf000 	C:\WINDOWS\System32\clbcatq.dll
0x00007ffc62f60000 - 0x00007ffc6688d000 	C:\WINDOWS\System32\DriverStore\FileRepository\nv_dispi.inf_amd64_ade64cd54ec2f9ed\nvoglv64.dll
0x00007ffcde6c0000 - 0x00007ffcde7ea000 	C:\WINDOWS\System32\ole32.dll
0x00007ffcd7af0000 - 0x00007ffcd7b04000 	C:\WINDOWS\SYSTEM32\WTSAPI32.dll
0x00007ffcd63a0000 - 0x00007ffcd63d1000 	C:\WINDOWS\SYSTEM32\cryptnet.dll
0x00007ffcd61e0000 - 0x00007ffcd6328000 	C:\WINDOWS\SYSTEM32\drvstore.dll
0x00007ffcdc6c0000 - 0x00007ffcdc6cc000 	C:\WINDOWS\SYSTEM32\cryptbase.dll
0x00007ffcd7330000 - 0x00007ffcd736b000 	C:\WINDOWS\SYSTEM32\dxcore.dll
0x00007ffca3fd0000 - 0x00007ffca4297000 	C:\WINDOWS\system32\nvspcap64.dll
0x00007ffcdcc60000 - 0x00007ffcdccab000 	C:\WINDOWS\SYSTEM32\powrprof.dll
0x00007ffcdcc40000 - 0x00007ffcdcc52000 	C:\WINDOWS\SYSTEM32\UMPDC.dll
0x00007ffcdcb20000 - 0x00007ffcdcb84000 	C:\WINDOWS\SYSTEM32\WINSTA.dll

dbghelp: loaded successfully - version: 4.0.5 - missing functions: none
symbol engine: initialized successfully - sym options: 0x614 - pdb path: .;C:\Users\levyo\.jdks\openjdk-16\bin;C:\WINDOWS\SYSTEM32;C:\WINDOWS\WinSxS\amd64_microsoft.windows.common-controls_6595b64144ccf1df_6.0.19041.1110_none_60b5254171f9507e;C:\Users\levyo\.jdks\openjdk-16\bin\server;C:\Users\levyo\AppData\Local\Temp\lwjgllevyo\3.2.3-build-13;C:\WINDOWS\System32\DriverStore\FileRepository\nv_dispi.inf_amd64_ade64cd54ec2f9ed

VM Arguments:
jvm_args: -Dfile.encoding=windows-1252 -Duser.country=RU -Duser.language=ru -Duser.variant 
java_command: com.peachyseed.test.Launcher
java_class_path (initial): D:\Development\needed\our banges\engines\PeachySeed\build\classes\java\main;D:\Development\needed\our banges\engines\PeachySeed\build\resources\main;C:\Users\levyo\.gradle\caches\modules-2\files-2.1\org.joml\joml-primitives\1.10.0\b3ae3ae0dfee0bf5aef9f7964205cca0f3c6ea07\joml-primitives-1.10.0.jar;C:\Users\levyo\.gradle\caches\modules-2\files-2.1\org.joml\joml\1.10.0\a29b8bf72dc1478e9ceea256db214188da94f313\joml-1.10.0.jar;C:\Users\levyo\.gradle\caches\modules-2\files-2.1\org.lwjgl\lwjgl-assimp\3.2.3\f62aa07a20afbdd3097efc296c4841e0d29700eb\lwjgl-assimp-3.2.3.jar;C:\Users\levyo\.gradle\caches\modules-2\files-2.1\org.lwjgl\lwjgl-assimp\3.2.3\4e60aeb75f0343c4a9ede4ef8b6b32ca702a00a3\lwjgl-assimp-3.2.3-natives-windows.jar;C:\Users\levyo\.gradle\caches\modules-2\files-2.1\org.lwjgl\lwjgl-bgfx\3.2.3\433883c4040fa8df47244dffa1d42c96ce2143de\lwjgl-bgfx-3.2.3.jar;C:\Users\levyo\.gradle\caches\modules-2\files-2.1\org.lwjgl\lwjgl-bgfx\3.2.3\f589da97dd3cfa96f42c8c812a0a028cf28223b8\lwjgl-bgfx-3.2.3-natives-windows.jar;C:\Users\levyo\.gradle\caches\modules-2\files-2.1\org.lwjgl\lwjgl-cuda\3.2.3\fb91f3aaa29e69eee7f1314a63d3e3068ad138e4\lwjgl-cuda-3.2.3.jar;C:\Users\levyo\.gradle\caches\modules-2\files-2.1\org.lwjgl\lwjgl-egl\3.2.3\45ad689a4346fac69d4e8696fa02aaa98f0ea196\lwjgl-egl-3.2.3.jar;C:\Users\levyo\.gradle\caches\modules-2\files-2.1\org.lwjgl\lwjgl-glfw\3.2.3\5e520d5c290c8b012545a8d34fa5db5ab051ea53\lwjgl-glfw-3.2.3.jar;C:\Users\levyo\.gradle\caches\modules-2\files-2.1\org.lwjgl\lwjgl-glfw\3.2.3\b4d8a3477cdc2edcf7a5f1e822926be846223f54\lwjgl-glfw-3.2.3-natives-windows.jar;C:\Users\levyo\.gradle\caches\modules-2\files-2.1\org.lwjgl\lwjgl-jawt\3.2.3\b93ceb43c55c28651e178af42e1f344e1e9d8bf3\lwjgl-jawt-3.2.3.jar;C:\Users\levyo\.gradle\caches\modules-2\files-2.1\org.lwjgl\lwjgl-jemalloc\3.2.3\b6fd0932171ba3f2eaa4547beddca3a3e645342d\lwjgl-jemalloc-3.2.3.jar;C:\Users\levyo\.gradle\caches\modules-2\files-2.1\org.lwjgl\lwjgl-jemalloc\3.2.3\3423fd0d4c7
Launcher Type: SUN_STANDARD

[Global flags]
     intx CICompilerCount                          = 4                                         {product} {ergonomic}
     uint ConcGCThreads                            = 2                                         {product} {ergonomic}
     uint G1ConcRefinementThreads                  = 8                                         {product} {ergonomic}
   size_t G1HeapRegionSize                         = 2097152                                   {product} {ergonomic}
    uintx GCDrainStackTargetSize                   = 64                                        {product} {ergonomic}
   size_t InitialHeapSize                          = 201326592                                 {product} {ergonomic}
   size_t MarkStackSize                            = 4194304                                   {product} {ergonomic}
   size_t MaxHeapSize                              = 3210739712                                {product} {ergonomic}
   size_t MaxNewSize                               = 1925185536                                {product} {ergonomic}
   size_t MinHeapDeltaBytes                        = 2097152                                   {product} {ergonomic}
   size_t MinHeapSize                              = 8388608                                   {product} {ergonomic}
    uintx NonNMethodCodeHeapSize                   = 5839372                                {pd product} {ergonomic}
    uintx NonProfiledCodeHeapSize                  = 122909434                              {pd product} {ergonomic}
    uintx ProfiledCodeHeapSize                     = 122909434                              {pd product} {ergonomic}
    uintx ReservedCodeCacheSize                    = 251658240                              {pd product} {ergonomic}
     bool SegmentedCodeCache                       = true                                      {product} {ergonomic}
   size_t SoftMaxHeapSize                          = 3210739712                             {manageable} {ergonomic}
     bool UseCompressedClassPointers               = true                           {product lp64_product} {ergonomic}
     bool UseCompressedOops                        = true                           {product lp64_product} {ergonomic}
     bool UseG1GC                                  = true                                      {product} {ergonomic}
     bool UseLargePagesIndividualAllocation        = false                                  {pd product} {ergonomic}

Logging:
Log output configuration:
 #0: stdout all=warning uptime,level,tags
 #1: stderr all=off uptime,level,tags

Environment Variables:
PATH=C:\Python27\;C:\Python27\Scripts;C:\Program Files\Common Files\Oracle\Java\javapath;D:\Development\Assets\VulkanSDK\1.2.189.2\Bin;C:\ProgramData\Oracle\Java\javapath;C:\WINDOWS\system32;C:\WINDOWS;C:\WINDOWS\System32\Wbem;C:\WINDOWS\System32\WindowsPowerShell\v1.0\;C:\WINDOWS\System32\OpenSSH\;C:\Program Files\Microsoft SQL Server\130\Tools\Binn\;C:\Program Files\dotnet\;C:\Program Files\NVIDIA Corporation\NVIDIA NvDLISR;"C:\Windows\Microsoft.NET\Framework\v4.0.30319;";C:\Program Files\PuTTY\;C:\Program Files\Git\cmd;C:\Program Files (x86)\NVIDIA Corporation\PhysX\Common;C:\Program Files\WireGuard\;D:\Soft\NodeJs\;C:\ProgramData\chocolatey\bin;C:\Program Files\Git LFS;E:\PerforceData\;C:\Users\levyo\AppData\Local\Programs\Python\Python37;C:\Users\levyo\AppData\Local\Microsoft\WindowsApps;C:\Users\levyo\AppData\Local\GitHubDesktop\bin;C:\Users\levyo\.dotnet\tools;D:\Soft\CLion 2021.2.3\bin;C:\Users\levyo\AppData\Local\gitkraken\bin;C:\Users\levyo\AppData\Roaming\npm;D:\Soft\Microsoft VS Code\bin
USERNAME=levyo
OS=Windows_NT
PROCESSOR_IDENTIFIER=Intel64 Family 6 Model 30 Stepping 5, GenuineIntel



---------------  S Y S T E M  ---------------

OS:
 Windows 10 , 64 bit Build 19041 (10.0.19041.2251)
OS uptime: 1 days 1:20 hours

CPU: total 8 (initial active 8) (4 cores per cpu, 2 threads per core) family 6 model 30 stepping 5 microcode 0xa, cx8, cmov, fxsr, ht, mmx, sse, sse2, sse3, ssse3, sse4.1, sse4.2, popcnt, tsc, tscinvbit, clflush

Memory: 4k page, system-wide physical 12247M (3723M free)
TotalPageFile size 24023M (AvailPageFile size 9156M)
current process WorkingSet (physical memory assigned to process): 85M, peak: 85M
current process commit charge ("private bytes"): 333M, peak: 333M

vm_info: OpenJDK 64-Bit Server VM (16+36-2231) for windows-amd64 JRE (16+36-2231), built on Feb  8 2021 11:39:36 by "mach5one" with MS VC++ 16.7 (VS2019)

END.
